#
# There is insufficient memory for the Java Runtime Environment to continue.
# Native memory allocation (mmap) failed to map 65536 bytes for Failed to commit metaspace.
# Possible reasons:
#   The system is out of physical RAM or swap space
#   The process is running with CompressedOops enabled, and the Java Heap may be blocking the growth of the native heap
# Possible solutions:
#   Reduce memory load on the system
#   Increase physical memory or swap space
#   Check if swap backing store is full
#   Decrease Java heap size (-Xmx/-Xms)
#   Decrease number of Java threads
#   Decrease Java thread stack sizes (-Xss)
#   Set larger code cache with -XX:ReservedCodeCacheSize=
#   JVM is running with Unscaled Compressed Oops mode in which the Java heap is
#     placed in the first 4GB address space. The Java Heap base address is the
#     maximum limit for the native heap growth. Please use -XX:HeapBaseMinAddress
#     to set the Java Heap base and to place the Java Heap above 4GB virtual address.
# This output file may be truncated or incomplete.
#
#  Out of Memory Error (virtualSpaceNode.cpp:112), pid=29172, tid=16388
#
# JRE version: Java(TM) SE Runtime Environment (21.0.7+8) (build 21.0.7+8-LTS-245)
# Java VM: Java HotSpot(TM) 64-Bit Server VM (21.0.7+8-LTS-245, mixed mode, sharing, tiered, compressed oops, compressed class ptrs, g1 gc, windows-amd64)
# No core dump will be written. Minidumps are not enabled by default on client versions of Windows
#

---------------  S U M M A R Y ------------

Command Line: -javaagent:C:\Users\mrdha\AppData\Local\JetBrains\IntelliJ IDEA Community Edition 2022.3.1\lib\idea_rt.jar=57724:C:\Users\mrdha\AppData\Local\JetBrains\IntelliJ IDEA Community Edition 2022.3.1\bin -Dfile.encoding=UTF-8 -Dsun.stdout.encoding=UTF-8 -Dsun.stderr.encoding=UTF-8 cl.lcd.LuceneDemoApplication

Host: 11th Gen Intel(R) Core(TM) i3-1115G4 @ 3.00GHz, 4 cores, 7G,  Windows 11 , 64 bit Build 22621 (10.0.22621.5262)
Time: Mon Aug  4 14:55:42 2025 India Standard Time elapsed time: 45.709019 seconds (0d 0h 0m 45s)

---------------  T H R E A D  ---------------

Current thread (0x000001de5e4c48e0):  JavaThread "C1 CompilerThread0" daemon [_thread_in_vm, id=16388, stack(0x000000a8fb700000,0x000000a8fb800000) (1024K)]


Current CompileTask:
C1:  45709 9420       3       java.util.concurrent.ScheduledThreadPoolExecutor$DelayedWorkQueue::setIndex (16 bytes)

Stack: [0x000000a8fb700000,0x000000a8fb800000]
Native frames: (J=compiled Java code, j=interpreted, Vv=VM code, C=native code)
V  [jvm.dll+0x6cae19]
V  [jvm.dll+0x855741]
V  [jvm.dll+0x857c6e]
V  [jvm.dll+0x858343]
V  [jvm.dll+0x27e0b6]
V  [jvm.dll+0x85135e]
V  [jvm.dll+0x66ea55]
V  [jvm.dll+0x66eaba]
V  [jvm.dll+0x6712d5]
V  [jvm.dll+0x6711a2]
V  [jvm.dll+0x66f42e]
V  [jvm.dll+0x6809ca]
V  [jvm.dll+0x679ac2]
V  [jvm.dll+0x1f1c10]
V  [jvm.dll+0x1f1df8]
V  [jvm.dll+0x152fbe]
V  [jvm.dll+0x153304]
V  [jvm.dll+0x152736]
V  [jvm.dll+0x15450d]
V  [jvm.dll+0x255819]
V  [jvm.dll+0x253daa]
V  [jvm.dll+0x3eebb6]
V  [jvm.dll+0x7ffa1b]
V  [jvm.dll+0x6c94fd]
C  [ucrtbase.dll+0x29333]
C  [KERNEL32.DLL+0x1259d]
C  [ntdll.dll+0x5af58]


---------------  P R O C E S S  ---------------

Threads class SMR info:
_java_thread_list=0x000001dea69738c0, length=41, elements={
0x000001de5e4b4e10, 0x000001de5e4b9dd0, 0x000001de5e4bbc30, 0x000001de5e4bc770,
0x000001de5e4bd2b0, 0x000001de5e4bfd20, 0x000001de5e4c0aa0, 0x000001de5e4c48e0,
0x000001de5e48dd50, 0x000001de5e869870, 0x000001dea43d57c0, 0x000001dea77a8140,
0x000001dea77aa8a0, 0x000001dea77a87d0, 0x000001dea77a9b80, 0x000001dea77a94f0,
0x000001dea77a7ab0, 0x000001dea4a62980, 0x000001dea4a615d0, 0x000001dea4a5e150,
0x000001dea4a622f0, 0x000001dea4a60f40, 0x000001dea4a608b0, 0x000001dea4a5d430,
0x000001dea4a61c60, 0x000001dea4a5ee70, 0x000001dea4a5e7e0, 0x000001dea4a5f500,
0x000001dea4a63010, 0x000001dea4a5dac0, 0x000001dea4a636a0, 0x000001dea4a63d30,
0x000001dea4a5fb90, 0x000001dea4a60220, 0x000001dea77a8e60, 0x000001dea7335960,
0x000001dea73345b0, 0x000001dea7331130, 0x000001dea7333200, 0x000001dea7333890,
0x000001dea7331e50
}

Java Threads: ( => current thread )
  0x000001de5e4b4e10 JavaThread "Reference Handler"          daemon [_thread_blocked, id=25904, stack(0x000000a8fb000000,0x000000a8fb100000) (1024K)]
  0x000001de5e4b9dd0 JavaThread "Finalizer"                  daemon [_thread_blocked, id=19836, stack(0x000000a8fb100000,0x000000a8fb200000) (1024K)]
  0x000001de5e4bbc30 JavaThread "Signal Dispatcher"          daemon [_thread_blocked, id=23252, stack(0x000000a8fb200000,0x000000a8fb300000) (1024K)]
  0x000001de5e4bc770 JavaThread "Attach Listener"            daemon [_thread_blocked, id=31312, stack(0x000000a8fb300000,0x000000a8fb400000) (1024K)]
  0x000001de5e4bd2b0 JavaThread "Service Thread"             daemon [_thread_blocked, id=32296, stack(0x000000a8fb400000,0x000000a8fb500000) (1024K)]
  0x000001de5e4bfd20 JavaThread "Monitor Deflation Thread"   daemon [_thread_blocked, id=30252, stack(0x000000a8fb500000,0x000000a8fb600000) (1024K)]
  0x000001de5e4c0aa0 JavaThread "C2 CompilerThread0"         daemon [_thread_blocked, id=25516, stack(0x000000a8fb600000,0x000000a8fb700000) (1024K)]
=>0x000001de5e4c48e0 JavaThread "C1 CompilerThread0"         daemon [_thread_in_vm, id=16388, stack(0x000000a8fb700000,0x000000a8fb800000) (1024K)]
  0x000001de5e48dd50 JavaThread "Common-Cleaner"             daemon [_thread_blocked, id=28708, stack(0x000000a8fb800000,0x000000a8fb900000) (1024K)]
  0x000001de5e869870 JavaThread "Monitor Ctrl-Break"         daemon [_thread_in_native, id=27880, stack(0x000000a8fba00000,0x000000a8fbb00000) (1024K)]
  0x000001dea43d57c0 JavaThread "Notification Thread"        daemon [_thread_blocked, id=26856, stack(0x000000a8fbb00000,0x000000a8fbc00000) (1024K)]
  0x000001dea77a8140 JavaThread "Catalina-utility-1"                [_thread_blocked, id=24148, stack(0x000000a8fc100000,0x000000a8fc200000) (1024K)]
  0x000001dea77aa8a0 JavaThread "Catalina-utility-2"                [_thread_blocked, id=23492, stack(0x000000a8fc200000,0x000000a8fc300000) (1024K)]
  0x000001dea77a87d0 JavaThread "container-0"                       [_thread_blocked, id=19980, stack(0x000000a8fc300000,0x000000a8fc400000) (1024K)]
  0x000001dea77a9b80 JavaThread "PostgreSQL-JDBC-Cleaner"    daemon [_thread_blocked, id=31568, stack(0x000000a8fc500000,0x000000a8fc600000) (1024K)]
  0x000001dea77a94f0 JavaThread "HikariPool-1:housekeeper"   daemon [_thread_blocked, id=22256, stack(0x000000a8fc600000,0x000000a8fc700000) (1024K)]
  0x000001dea77a7ab0 JavaThread "BufferPoolPruner-1-thread-1" daemon [_thread_blocked, id=29896, stack(0x000000a8fc800000,0x000000a8fc900000) (1024K)]
  0x000001dea4a62980 JavaThread "cluster-ClusterId{value='68907c748ec827b2318168ec', description='null'}-localhost:27017" daemon [_thread_in_native, id=2264, stack(0x000000a8fc900000,0x000000a8fca00000) (1024K)]
  0x000001dea4a615d0 JavaThread "cluster-rtt-ClusterId{value='68907c748ec827b2318168ec', description='null'}-localhost:27017" daemon [_thread_blocked, id=11472, stack(0x000000a8fca00000,0x000000a8fcb00000) (1024K)]
  0x000001dea4a5e150 JavaThread "MaintenanceTimer-2-thread-1" daemon [_thread_blocked, id=26516, stack(0x000000a8fcb00000,0x000000a8fcc00000) (1024K)]
  0x000001dea4a622f0 JavaThread "Live Reload Server"         daemon [_thread_in_native, id=27608, stack(0x000000a8fcd00000,0x000000a8fce00000) (1024K)]
  0x000001dea4a60f40 JavaThread "elasticsearch-rest-client-0-thread-5"        [_thread_blocked, id=1440, stack(0x000000a8fcc00000,0x000000a8fcd00000) (1024K)]
  0x000001dea4a608b0 JavaThread "elasticsearch-rest-client-0-thread-1"        [_thread_in_native, id=8604, stack(0x000000a8fce00000,0x000000a8fcf00000) (1024K)]
  0x000001dea4a5d430 JavaThread "elasticsearch-rest-client-0-thread-2"        [_thread_in_native, id=30904, stack(0x000000a8fcf00000,0x000000a8fd000000) (1024K)]
  0x000001dea4a61c60 JavaThread "elasticsearch-rest-client-0-thread-3"        [_thread_in_native, id=27184, stack(0x000000a8fd000000,0x000000a8fd100000) (1024K)]
  0x000001dea4a5ee70 JavaThread "elasticsearch-rest-client-0-thread-4"        [_thread_in_native, id=18416, stack(0x000000a8fd100000,0x000000a8fd200000) (1024K)]
  0x000001dea4a5e7e0 JavaThread "File Watcher"               daemon [_thread_blocked, id=31972, stack(0x000000a8fc700000,0x000000a8fc800000) (1024K)]
  0x000001dea4a5f500 JavaThread "http-nio-8080-exec-1"       daemon [_thread_blocked, id=12856, stack(0x000000a8fd200000,0x000000a8fd300000) (1024K)]
  0x000001dea4a63010 JavaThread "http-nio-8080-exec-2"       daemon [_thread_blocked, id=27228, stack(0x000000a8fd300000,0x000000a8fd400000) (1024K)]
  0x000001dea4a5dac0 JavaThread "http-nio-8080-exec-3"       daemon [_thread_blocked, id=3544, stack(0x000000a8fd400000,0x000000a8fd500000) (1024K)]
  0x000001dea4a636a0 JavaThread "http-nio-8080-exec-4"       daemon [_thread_blocked, id=20200, stack(0x000000a8fd500000,0x000000a8fd600000) (1024K)]
  0x000001dea4a63d30 JavaThread "http-nio-8080-exec-5"       daemon [_thread_blocked, id=24660, stack(0x000000a8fd600000,0x000000a8fd700000) (1024K)]
  0x000001dea4a5fb90 JavaThread "http-nio-8080-exec-6"       daemon [_thread_blocked, id=10528, stack(0x000000a8fd700000,0x000000a8fd800000) (1024K)]
  0x000001dea4a60220 JavaThread "http-nio-8080-exec-7"       daemon [_thread_blocked, id=12676, stack(0x000000a8fd800000,0x000000a8fd900000) (1024K)]
  0x000001dea77a8e60 JavaThread "http-nio-8080-exec-8"       daemon [_thread_blocked, id=24352, stack(0x000000a8fd900000,0x000000a8fda00000) (1024K)]
  0x000001dea7335960 JavaThread "http-nio-8080-exec-9"       daemon [_thread_blocked, id=32728, stack(0x000000a8fda00000,0x000000a8fdb00000) (1024K)]
  0x000001dea73345b0 JavaThread "http-nio-8080-exec-10"      daemon [_thread_blocked, id=19116, stack(0x000000a8fdb00000,0x000000a8fdc00000) (1024K)]
  0x000001dea7331130 JavaThread "http-nio-8080-Poller"       daemon [_thread_in_native, id=31480, stack(0x000000a8fdc00000,0x000000a8fdd00000) (1024K)]
  0x000001dea7333200 JavaThread "http-nio-8080-Acceptor"     daemon [_thread_in_native, id=2920, stack(0x000000a8fdd00000,0x000000a8fde00000) (1024K)]
  0x000001dea7333890 JavaThread "scheduling-1"                      [_thread_blocked, id=29712, stack(0x000000a8fde00000,0x000000a8fdf00000) (1024K)]
  0x000001dea7331e50 JavaThread "DestroyJavaVM"                     [_thread_blocked, id=11288, stack(0x000000a8fa800000,0x000000a8fa900000) (1024K)]
Total: 41

Other Threads:
  0x000001de5e49fae0 VMThread "VM Thread"                           [id=30688, stack(0x000000a8faf00000,0x000000a8fb000000) (1024K)]
  0x000001de5e48cfc0 WatcherThread "VM Periodic Task Thread"        [id=8440, stack(0x000000a8fae00000,0x000000a8faf00000) (1024K)]
  0x000001de424f30f0 WorkerThread "GC Thread#0"                     [id=28188, stack(0x000000a8fa900000,0x000000a8faa00000) (1024K)]
  0x000001dea45a0380 WorkerThread "GC Thread#1"                     [id=30668, stack(0x000000a8fbc00000,0x000000a8fbd00000) (1024K)]
  0x000001dea466b330 WorkerThread "GC Thread#2"                     [id=17160, stack(0x000000a8fbd00000,0x000000a8fbe00000) (1024K)]
  0x000001dea466b6d0 WorkerThread "GC Thread#3"                     [id=8332, stack(0x000000a8fbe00000,0x000000a8fbf00000) (1024K)]
  0x000001de42503890 ConcurrentGCThread "G1 Main Marker"            [id=18924, stack(0x000000a8faa00000,0x000000a8fab00000) (1024K)]
  0x000001de42504ce0 WorkerThread "G1 Conc#0"                       [id=23128, stack(0x000000a8fab00000,0x000000a8fac00000) (1024K)]
  0x000001de5e34a510 ConcurrentGCThread "G1 Refine#0"               [id=32708, stack(0x000000a8fac00000,0x000000a8fad00000) (1024K)]
  0x000001de5e34b680 ConcurrentGCThread "G1 Service"                [id=27320, stack(0x000000a8fad00000,0x000000a8fae00000) (1024K)]
Total: 10

Threads with active compile tasks:
C1 CompilerThread0    45751 9420       3       java.util.concurrent.ScheduledThreadPoolExecutor$DelayedWorkQueue::setIndex (16 bytes)
Total: 1

VM state: not at safepoint (normal execution)

VM Mutex/Monitor currently owned by a thread:  ([mutex/lock_event])
[0x00007ff8c9f5be50] Metaspace_lock - owner thread: 0x000001de5e4c48e0

Heap address: 0x0000000084200000, size: 1982 MB, Compressed Oops mode: 32-bit

CDS archive(s) mapped at: [0x000001de5f000000-0x000001de5fc90000-0x000001de5fc90000), size 13172736, SharedBaseAddress: 0x000001de5f000000, ArchiveRelocationMode: 1.
Compressed class space mapped at: 0x000001de60000000-0x000001dea0000000, reserved size: 1073741824
Narrow klass base: 0x000001de5f000000, Narrow klass shift: 0, Narrow klass range: 0x100000000

GC Precious Log:
 CardTable entry size: 512
 Card Set container configuration: InlinePtr #cards 5 size 8 Array Of Cards #cards 12 size 40 Howl #buckets 4 coarsen threshold 1843 Howl Bitmap #cards 512 size 80 coarsen threshold 460 Card regions per heap region 1 cards per card region 2048
 CPUs: 4 total, 4 available
 Memory: 7926M
 Large Page Support: Disabled
 NUMA Support: Disabled
 Compressed Oops: Enabled (32-bit)
 Heap Region Size: 1M
 Heap Min Capacity: 8M
 Heap Initial Capacity: 124M
 Heap Max Capacity: 1982M
 Pre-touch: Disabled
 Parallel Workers: 4
 Concurrent Workers: 1
 Concurrent Refinement Workers: 4
 Periodic GC: Disabled

Heap:
 garbage-first heap   total 128000K, used 105624K [0x0000000084200000, 0x0000000100000000)
  region size 1024K, 35 young (35840K), 4 survivors (4096K)
 Metaspace       used 94470K, committed 95360K, reserved 1179648K
  class space    used 12629K, committed 13056K, reserved 1048576K

Heap Regions: E=young(eden), S=young(survivor), O=old, HS=humongous(starts), HC=humongous(continues), CS=collection set, F=free, TAMS=top-at-mark-start, PB=parsable bottom
|   0|0x0000000084200000, 0x0000000084300000, 0x0000000084300000|100%|HS|  |TAMS 0x0000000084200000| PB 0x0000000084200000| Complete 
|   1|0x0000000084300000, 0x0000000084400000, 0x0000000084400000|100%|HS|  |TAMS 0x0000000084300000| PB 0x0000000084300000| Complete 
|   2|0x0000000084400000, 0x0000000084500000, 0x0000000084500000|100%|HS|  |TAMS 0x0000000084400000| PB 0x0000000084400000| Complete 
|   3|0x0000000084500000, 0x0000000084600000, 0x0000000084600000|100%| O|  |TAMS 0x0000000084500000| PB 0x0000000084500000| Untracked 
|   4|0x0000000084600000, 0x0000000084700000, 0x0000000084700000|100%| O|  |TAMS 0x0000000084600000| PB 0x0000000084600000| Untracked 
|   5|0x0000000084700000, 0x0000000084800000, 0x0000000084800000|100%| O|  |TAMS 0x0000000084700000| PB 0x0000000084700000| Untracked 
|   6|0x0000000084800000, 0x0000000084900000, 0x0000000084900000|100%| O|  |TAMS 0x0000000084800000| PB 0x0000000084800000| Untracked 
|   7|0x0000000084900000, 0x0000000084a00000, 0x0000000084a00000|100%| O|  |TAMS 0x0000000084900000| PB 0x0000000084900000| Untracked 
|   8|0x0000000084a00000, 0x0000000084b00000, 0x0000000084b00000|100%| O|  |TAMS 0x0000000084a00000| PB 0x0000000084a00000| Untracked 
|   9|0x0000000084b00000, 0x0000000084c00000, 0x0000000084c00000|100%| O|  |TAMS 0x0000000084b00000| PB 0x0000000084b00000| Untracked 
|  10|0x0000000084c00000, 0x0000000084d00000, 0x0000000084d00000|100%| O|  |TAMS 0x0000000084c00000| PB 0x0000000084c00000| Untracked 
|  11|0x0000000084d00000, 0x0000000084e00000, 0x0000000084e00000|100%| O|  |TAMS 0x0000000084d00000| PB 0x0000000084d00000| Untracked 
|  12|0x0000000084e00000, 0x0000000084f00000, 0x0000000084f00000|100%| O|  |TAMS 0x0000000084e00000| PB 0x0000000084e00000| Untracked 
|  13|0x0000000084f00000, 0x0000000085000000, 0x0000000085000000|100%| O|  |TAMS 0x0000000084f00000| PB 0x0000000084f00000| Untracked 
|  14|0x0000000085000000, 0x0000000085100000, 0x0000000085100000|100%| O|  |TAMS 0x0000000085000000| PB 0x0000000085000000| Untracked 
|  15|0x0000000085100000, 0x0000000085200000, 0x0000000085200000|100%| O|  |TAMS 0x0000000085100000| PB 0x0000000085100000| Untracked 
|  16|0x0000000085200000, 0x0000000085300000, 0x0000000085300000|100%| O|  |TAMS 0x0000000085200000| PB 0x0000000085200000| Untracked 
|  17|0x0000000085300000, 0x0000000085400000, 0x0000000085400000|100%| O|  |TAMS 0x0000000085300000| PB 0x0000000085300000| Untracked 
|  18|0x0000000085400000, 0x0000000085500000, 0x0000000085500000|100%| O|  |TAMS 0x0000000085400000| PB 0x0000000085400000| Untracked 
|  19|0x0000000085500000, 0x0000000085600000, 0x0000000085600000|100%| O|  |TAMS 0x0000000085500000| PB 0x0000000085500000| Untracked 
|  20|0x0000000085600000, 0x0000000085700000, 0x0000000085700000|100%| O|  |TAMS 0x0000000085600000| PB 0x0000000085600000| Untracked 
|  21|0x0000000085700000, 0x0000000085800000, 0x0000000085800000|100%| O|  |TAMS 0x0000000085700000| PB 0x0000000085700000| Untracked 
|  22|0x0000000085800000, 0x0000000085900000, 0x0000000085900000|100%| O|  |TAMS 0x0000000085800000| PB 0x0000000085800000| Untracked 
|  23|0x0000000085900000, 0x0000000085a00000, 0x0000000085a00000|100%| O|  |TAMS 0x0000000085900000| PB 0x0000000085900000| Untracked 
|  24|0x0000000085a00000, 0x0000000085b00000, 0x0000000085b00000|100%| O|  |TAMS 0x0000000085a00000| PB 0x0000000085a00000| Untracked 
|  25|0x0000000085b00000, 0x0000000085c00000, 0x0000000085c00000|100%| O|  |TAMS 0x0000000085b00000| PB 0x0000000085b00000| Untracked 
|  26|0x0000000085c00000, 0x0000000085d00000, 0x0000000085d00000|100%| O|  |TAMS 0x0000000085c00000| PB 0x0000000085c00000| Untracked 
|  27|0x0000000085d00000, 0x0000000085e00000, 0x0000000085e00000|100%| O|  |TAMS 0x0000000085d00000| PB 0x0000000085d00000| Untracked 
|  28|0x0000000085e00000, 0x0000000085f00000, 0x0000000085f00000|100%| O|  |TAMS 0x0000000085e00000| PB 0x0000000085e00000| Untracked 
|  29|0x0000000085f00000, 0x0000000086000000, 0x0000000086000000|100%| O|  |TAMS 0x0000000085f00000| PB 0x0000000085f00000| Untracked 
|  30|0x0000000086000000, 0x0000000086100000, 0x0000000086100000|100%| O|  |TAMS 0x0000000086000000| PB 0x0000000086000000| Untracked 
|  31|0x0000000086100000, 0x0000000086200000, 0x0000000086200000|100%| O|  |TAMS 0x0000000086100000| PB 0x0000000086100000| Untracked 
|  32|0x0000000086200000, 0x0000000086300000, 0x0000000086300000|100%| O|  |TAMS 0x0000000086200000| PB 0x0000000086200000| Untracked 
|  33|0x0000000086300000, 0x0000000086400000, 0x0000000086400000|100%| O|  |TAMS 0x0000000086300000| PB 0x0000000086300000| Untracked 
|  34|0x0000000086400000, 0x0000000086400000, 0x0000000086500000|  0%| F|  |TAMS 0x0000000086400000| PB 0x0000000086400000| Untracked 
|  35|0x0000000086500000, 0x0000000086600000, 0x0000000086600000|100%| O|  |TAMS 0x0000000086500000| PB 0x0000000086500000| Untracked 
|  36|0x0000000086600000, 0x0000000086700000, 0x0000000086700000|100%| O|  |TAMS 0x0000000086600000| PB 0x0000000086600000| Untracked 
|  37|0x0000000086700000, 0x0000000086800000, 0x0000000086800000|100%| O|  |TAMS 0x0000000086700000| PB 0x0000000086700000| Untracked 
|  38|0x0000000086800000, 0x0000000086900000, 0x0000000086900000|100%| O|  |TAMS 0x0000000086800000| PB 0x0000000086800000| Untracked 
|  39|0x0000000086900000, 0x0000000086a00000, 0x0000000086a00000|100%| O|  |TAMS 0x0000000086900000| PB 0x0000000086900000| Untracked 
|  40|0x0000000086a00000, 0x0000000086b00000, 0x0000000086b00000|100%| O|  |TAMS 0x0000000086a00000| PB 0x0000000086a00000| Untracked 
|  41|0x0000000086b00000, 0x0000000086c00000, 0x0000000086c00000|100%| O|  |TAMS 0x0000000086b00000| PB 0x0000000086b00000| Untracked 
|  42|0x0000000086c00000, 0x0000000086d00000, 0x0000000086d00000|100%| O|  |TAMS 0x0000000086c00000| PB 0x0000000086c00000| Untracked 
|  43|0x0000000086d00000, 0x0000000086e00000, 0x0000000086e00000|100%| O|  |TAMS 0x0000000086d00000| PB 0x0000000086d00000| Untracked 
|  44|0x0000000086e00000, 0x0000000086f00000, 0x0000000086f00000|100%| O|  |TAMS 0x0000000086e00000| PB 0x0000000086e00000| Untracked 
|  45|0x0000000086f00000, 0x0000000087000000, 0x0000000087000000|100%| O|  |TAMS 0x0000000086f00000| PB 0x0000000086f00000| Untracked 
|  46|0x0000000087000000, 0x0000000087100000, 0x0000000087100000|100%| O|  |TAMS 0x0000000087000000| PB 0x0000000087000000| Untracked 
|  47|0x0000000087100000, 0x0000000087200000, 0x0000000087200000|100%| O|  |TAMS 0x0000000087100000| PB 0x0000000087100000| Untracked 
|  48|0x0000000087200000, 0x0000000087300000, 0x0000000087300000|100%| O|  |TAMS 0x0000000087200000| PB 0x0000000087200000| Untracked 
|  49|0x0000000087300000, 0x0000000087400000, 0x0000000087400000|100%| O|  |TAMS 0x0000000087300000| PB 0x0000000087300000| Untracked 
|  50|0x0000000087400000, 0x0000000087500000, 0x0000000087500000|100%| O|  |TAMS 0x0000000087400000| PB 0x0000000087400000| Untracked 
|  51|0x0000000087500000, 0x0000000087600000, 0x0000000087600000|100%| O|  |TAMS 0x0000000087500000| PB 0x0000000087500000| Untracked 
|  52|0x0000000087600000, 0x0000000087700000, 0x0000000087700000|100%|HS|  |TAMS 0x0000000087600000| PB 0x0000000087600000| Complete 
|  53|0x0000000087700000, 0x0000000087800000, 0x0000000087800000|100%|HC|  |TAMS 0x0000000087700000| PB 0x0000000087700000| Complete 
|  54|0x0000000087800000, 0x0000000087900000, 0x0000000087900000|100%|HS|  |TAMS 0x0000000087800000| PB 0x0000000087800000| Complete 
|  55|0x0000000087900000, 0x0000000087a00000, 0x0000000087a00000|100%| O|  |TAMS 0x0000000087900000| PB 0x0000000087900000| Untracked 
|  56|0x0000000087a00000, 0x0000000087b00000, 0x0000000087b00000|100%| O|  |TAMS 0x0000000087a00000| PB 0x0000000087a00000| Untracked 
|  57|0x0000000087b00000, 0x0000000087c00000, 0x0000000087c00000|100%| O|  |TAMS 0x0000000087b00000| PB 0x0000000087b00000| Untracked 
|  58|0x0000000087c00000, 0x0000000087d00000, 0x0000000087d00000|100%| O|  |TAMS 0x0000000087c00000| PB 0x0000000087c00000| Untracked 
|  59|0x0000000087d00000, 0x0000000087d00000, 0x0000000087e00000|  0%| F|  |TAMS 0x0000000087d00000| PB 0x0000000087d00000| Untracked 
|  60|0x0000000087e00000, 0x0000000087e00000, 0x0000000087f00000|  0%| F|  |TAMS 0x0000000087e00000| PB 0x0000000087e00000| Untracked 
|  61|0x0000000087f00000, 0x0000000088000000, 0x0000000088000000|100%| O|  |TAMS 0x0000000087f00000| PB 0x0000000087f00000| Untracked 
|  62|0x0000000088000000, 0x0000000088100000, 0x0000000088100000|100%| O|  |TAMS 0x0000000088000000| PB 0x0000000088000000| Untracked 
|  63|0x0000000088100000, 0x0000000088200000, 0x0000000088200000|100%| O|  |TAMS 0x0000000088100000| PB 0x0000000088100000| Untracked 
|  64|0x0000000088200000, 0x0000000088300000, 0x0000000088300000|100%| O|  |TAMS 0x0000000088200000| PB 0x0000000088200000| Untracked 
|  65|0x0000000088300000, 0x0000000088400000, 0x0000000088400000|100%| O|  |TAMS 0x0000000088300000| PB 0x0000000088300000| Untracked 
|  66|0x0000000088400000, 0x0000000088500000, 0x0000000088500000|100%| O|  |TAMS 0x0000000088400000| PB 0x0000000088400000| Untracked 
|  67|0x0000000088500000, 0x0000000088600000, 0x0000000088600000|100%| O|  |TAMS 0x0000000088500000| PB 0x0000000088500000| Untracked 
|  68|0x0000000088600000, 0x0000000088700000, 0x0000000088700000|100%| O|  |TAMS 0x0000000088600000| PB 0x0000000088600000| Untracked 
|  69|0x0000000088700000, 0x0000000088800000, 0x0000000088800000|100%| O|  |TAMS 0x0000000088700000| PB 0x0000000088700000| Untracked 
|  70|0x0000000088800000, 0x0000000088900000, 0x0000000088900000|100%| O|  |TAMS 0x0000000088800000| PB 0x0000000088800000| Untracked 
|  71|0x0000000088900000, 0x0000000088a00000, 0x0000000088a00000|100%| O|  |TAMS 0x0000000088900000| PB 0x0000000088900000| Untracked 
|  72|0x0000000088a00000, 0x0000000088a4c200, 0x0000000088b00000| 29%| O|  |TAMS 0x0000000088a00000| PB 0x0000000088a00000| Untracked 
|  73|0x0000000088b00000, 0x0000000088b00000, 0x0000000088c00000|  0%| F|  |TAMS 0x0000000088b00000| PB 0x0000000088b00000| Untracked 
|  74|0x0000000088c00000, 0x0000000088c00000, 0x0000000088d00000|  0%| F|  |TAMS 0x0000000088c00000| PB 0x0000000088c00000| Untracked 
|  75|0x0000000088d00000, 0x0000000088d00000, 0x0000000088e00000|  0%| F|  |TAMS 0x0000000088d00000| PB 0x0000000088d00000| Untracked 
|  76|0x0000000088e00000, 0x0000000088e00000, 0x0000000088f00000|  0%| F|  |TAMS 0x0000000088e00000| PB 0x0000000088e00000| Untracked 
|  77|0x0000000088f00000, 0x0000000088f00000, 0x0000000089000000|  0%| F|  |TAMS 0x0000000088f00000| PB 0x0000000088f00000| Untracked 
|  78|0x0000000089000000, 0x0000000089000000, 0x0000000089100000|  0%| F|  |TAMS 0x0000000089000000| PB 0x0000000089000000| Untracked 
|  79|0x0000000089100000, 0x00000000891da000, 0x0000000089200000| 85%| S|CS|TAMS 0x0000000089100000| PB 0x0000000089100000| Complete 
|  80|0x0000000089200000, 0x0000000089200000, 0x0000000089300000|  0%| F|  |TAMS 0x0000000089200000| PB 0x0000000089200000| Untracked 
|  81|0x0000000089300000, 0x0000000089300000, 0x0000000089400000|  0%| F|  |TAMS 0x0000000089300000| PB 0x0000000089300000| Untracked 
|  82|0x0000000089400000, 0x0000000089400000, 0x0000000089500000|  0%| F|  |TAMS 0x0000000089400000| PB 0x0000000089400000| Untracked 
|  83|0x0000000089500000, 0x0000000089500000, 0x0000000089600000|  0%| F|  |TAMS 0x0000000089500000| PB 0x0000000089500000| Untracked 
|  84|0x0000000089600000, 0x0000000089600000, 0x0000000089700000|  0%| F|  |TAMS 0x0000000089600000| PB 0x0000000089600000| Untracked 
|  85|0x0000000089700000, 0x0000000089800000, 0x0000000089800000|100%| S|CS|TAMS 0x0000000089700000| PB 0x0000000089700000| Complete 
|  86|0x0000000089800000, 0x0000000089900000, 0x0000000089900000|100%| S|CS|TAMS 0x0000000089800000| PB 0x0000000089800000| Complete 
|  87|0x0000000089900000, 0x0000000089a00000, 0x0000000089a00000|100%| S|CS|TAMS 0x0000000089900000| PB 0x0000000089900000| Complete 
|  88|0x0000000089a00000, 0x0000000089a00000, 0x0000000089b00000|  0%| F|  |TAMS 0x0000000089a00000| PB 0x0000000089a00000| Untracked 
|  89|0x0000000089b00000, 0x0000000089b00000, 0x0000000089c00000|  0%| F|  |TAMS 0x0000000089b00000| PB 0x0000000089b00000| Untracked 
|  90|0x0000000089c00000, 0x0000000089c00000, 0x0000000089d00000|  0%| F|  |TAMS 0x0000000089c00000| PB 0x0000000089c00000| Untracked 
|  91|0x0000000089d00000, 0x0000000089d00000, 0x0000000089e00000|  0%| F|  |TAMS 0x0000000089d00000| PB 0x0000000089d00000| Untracked 
|  92|0x0000000089e00000, 0x0000000089e00000, 0x0000000089f00000|  0%| F|  |TAMS 0x0000000089e00000| PB 0x0000000089e00000| Untracked 
|  93|0x0000000089f00000, 0x0000000089f00000, 0x000000008a000000|  0%| F|  |TAMS 0x0000000089f00000| PB 0x0000000089f00000| Untracked 
|  94|0x000000008a000000, 0x000000008a071c18, 0x000000008a100000| 44%| E|  |TAMS 0x000000008a000000| PB 0x000000008a000000| Complete 
|  95|0x000000008a100000, 0x000000008a200000, 0x000000008a200000|100%| E|CS|TAMS 0x000000008a100000| PB 0x000000008a100000| Complete 
|  96|0x000000008a200000, 0x000000008a300000, 0x000000008a300000|100%| E|CS|TAMS 0x000000008a200000| PB 0x000000008a200000| Complete 
|  97|0x000000008a300000, 0x000000008a400000, 0x000000008a400000|100%| E|CS|TAMS 0x000000008a300000| PB 0x000000008a300000| Complete 
|  98|0x000000008a400000, 0x000000008a500000, 0x000000008a500000|100%| E|CS|TAMS 0x000000008a400000| PB 0x000000008a400000| Complete 
|  99|0x000000008a500000, 0x000000008a600000, 0x000000008a600000|100%| E|CS|TAMS 0x000000008a500000| PB 0x000000008a500000| Complete 
| 100|0x000000008a600000, 0x000000008a700000, 0x000000008a700000|100%| E|CS|TAMS 0x000000008a600000| PB 0x000000008a600000| Complete 
| 101|0x000000008a700000, 0x000000008a800000, 0x000000008a800000|100%| E|CS|TAMS 0x000000008a700000| PB 0x000000008a700000| Complete 
| 102|0x000000008a800000, 0x000000008a900000, 0x000000008a900000|100%| E|CS|TAMS 0x000000008a800000| PB 0x000000008a800000| Complete 
| 103|0x000000008a900000, 0x000000008aa00000, 0x000000008aa00000|100%| E|CS|TAMS 0x000000008a900000| PB 0x000000008a900000| Complete 
| 104|0x000000008aa00000, 0x000000008ab00000, 0x000000008ab00000|100%| E|CS|TAMS 0x000000008aa00000| PB 0x000000008aa00000| Complete 
| 105|0x000000008ab00000, 0x000000008ac00000, 0x000000008ac00000|100%| E|CS|TAMS 0x000000008ab00000| PB 0x000000008ab00000| Complete 
| 106|0x000000008ac00000, 0x000000008ad00000, 0x000000008ad00000|100%| E|CS|TAMS 0x000000008ac00000| PB 0x000000008ac00000| Complete 
| 107|0x000000008ad00000, 0x000000008ae00000, 0x000000008ae00000|100%| E|CS|TAMS 0x000000008ad00000| PB 0x000000008ad00000| Complete 
| 108|0x000000008ae00000, 0x000000008af00000, 0x000000008af00000|100%| E|CS|TAMS 0x000000008ae00000| PB 0x000000008ae00000| Complete 
| 109|0x000000008af00000, 0x000000008b000000, 0x000000008b000000|100%| E|CS|TAMS 0x000000008af00000| PB 0x000000008af00000| Complete 
| 110|0x000000008b000000, 0x000000008b100000, 0x000000008b100000|100%| E|CS|TAMS 0x000000008b000000| PB 0x000000008b000000| Complete 
| 111|0x000000008b100000, 0x000000008b200000, 0x000000008b200000|100%| E|CS|TAMS 0x000000008b100000| PB 0x000000008b100000| Complete 
| 112|0x000000008b200000, 0x000000008b300000, 0x000000008b300000|100%| E|CS|TAMS 0x000000008b200000| PB 0x000000008b200000| Complete 
| 113|0x000000008b300000, 0x000000008b400000, 0x000000008b400000|100%| E|CS|TAMS 0x000000008b300000| PB 0x000000008b300000| Complete 
| 114|0x000000008b400000, 0x000000008b500000, 0x000000008b500000|100%| E|CS|TAMS 0x000000008b400000| PB 0x000000008b400000| Complete 
| 115|0x000000008b500000, 0x000000008b600000, 0x000000008b600000|100%| E|CS|TAMS 0x000000008b500000| PB 0x000000008b500000| Complete 
| 116|0x000000008b600000, 0x000000008b700000, 0x000000008b700000|100%| E|CS|TAMS 0x000000008b600000| PB 0x000000008b600000| Complete 
| 117|0x000000008b700000, 0x000000008b800000, 0x000000008b800000|100%| E|CS|TAMS 0x000000008b700000| PB 0x000000008b700000| Complete 
| 118|0x000000008b800000, 0x000000008b900000, 0x000000008b900000|100%| E|CS|TAMS 0x000000008b800000| PB 0x000000008b800000| Complete 
| 119|0x000000008b900000, 0x000000008ba00000, 0x000000008ba00000|100%| E|CS|TAMS 0x000000008b900000| PB 0x000000008b900000| Complete 
| 120|0x000000008ba00000, 0x000000008bb00000, 0x000000008bb00000|100%| E|CS|TAMS 0x000000008ba00000| PB 0x000000008ba00000| Complete 
| 121|0x000000008bb00000, 0x000000008bc00000, 0x000000008bc00000|100%| E|CS|TAMS 0x000000008bb00000| PB 0x000000008bb00000| Complete 
| 122|0x000000008bc00000, 0x000000008bd00000, 0x000000008bd00000|100%| E|CS|TAMS 0x000000008bc00000| PB 0x000000008bc00000| Complete 
| 123|0x000000008bd00000, 0x000000008be00000, 0x000000008be00000|100%| E|CS|TAMS 0x000000008bd00000| PB 0x000000008bd00000| Complete 
| 124|0x000000008be00000, 0x000000008bf00000, 0x000000008bf00000|100%| E|CS|TAMS 0x000000008be00000| PB 0x000000008be00000| Complete 

Card table byte_map: [0x000001de59d00000,0x000001de5a0e0000] _byte_map_base: 0x000001de598df000

Marking Bits: (CMBitMap*) 0x000001de424f37f0
 Bits: [0x000001de5a0e0000, 0x000001de5bfd8000)

Polling page: 0x000001de41c50000

Metaspace:

Usage:
  Non-class:     79.92 MB used.
      Class:     12.33 MB used.
       Both:     92.26 MB used.

Virtual space:
  Non-class space:      128.00 MB reserved,      80.38 MB ( 63%) committed,  2 nodes.
      Class space:        1.00 GB reserved,      12.75 MB (  1%) committed,  1 nodes.
             Both:        1.12 GB reserved,      93.12 MB (  8%) committed. 

Chunk freelists:
   Non-Class:  14.95 MB
       Class:  3.14 MB
        Both:  18.09 MB

MaxMetaspaceSize: unlimited
CompressedClassSpaceSize: 1.00 GB
Initial GC threshold: 21.00 MB
Current GC threshold: 139.38 MB
CDS: on
 - commit_granule_bytes: 65536.
 - commit_granule_words: 8192.
 - virtual_space_node_default_size: 8388608.
 - enlarge_chunks_in_place: 1.
 - use_allocation_guard: 0.


Internal statistics:

num_allocs_failed_limit: 12.
num_arena_births: 1402.
num_arena_deaths: 2.
num_vsnodes_births: 3.
num_vsnodes_deaths: 0.
num_space_committed: 1490.
num_space_uncommitted: 0.
num_chunks_returned_to_freelist: 15.
num_chunks_taken_from_freelist: 4827.
num_chunk_merges: 6.
num_chunk_splits: 3453.
num_chunks_enlarged: 2687.
num_inconsistent_stats: 0.

CodeHeap 'non-profiled nmethods': size=120000Kb used=6503Kb max_used=6503Kb free=113496Kb
 bounds [0x000001de523f0000, 0x000001de52a50000, 0x000001de59920000]
CodeHeap 'profiled nmethods': size=120000Kb used=15355Kb max_used=15355Kb free=104645Kb
 bounds [0x000001de4a920000, 0x000001de4b830000, 0x000001de51e50000]
CodeHeap 'non-nmethods': size=5760Kb used=2025Kb max_used=2095Kb free=3734Kb
 bounds [0x000001de51e50000, 0x000001de520c0000, 0x000001de523f0000]
 total_blobs=8680 nmethods=7877 adapters=707
 compilation: enabled
              stopped_count=0, restarted_count=0
 full_count=0

Compilation events (20 events):
Event: 35.364 Thread 0x000001de5e4c48e0 nmethod 9409 0x000001de4b81ca10 code [0x000001de4b81cc20, 0x000001de4b81d300]
Event: 37.306 Thread 0x000001de5e4c48e0 9410       3       java.nio.channels.spi.AbstractInterruptibleChannel::blockedOn (10 bytes)
Event: 37.306 Thread 0x000001de5e4c48e0 nmethod 9410 0x000001de4b81d510 code [0x000001de4b81d6e0, 0x000001de4b81d910]
Event: 37.307 Thread 0x000001de5e4c48e0 9411   !   3       java.lang.Thread::blockedOn (27 bytes)
Event: 37.307 Thread 0x000001de5e4c48e0 nmethod 9411 0x000001de4b81da90 code [0x000001de4b81dc40, 0x000001de4b81deb0]
Event: 37.308 Thread 0x000001de5e4c48e0 9412       3       java.lang.System$2::blockedOn (5 bytes)
Event: 37.308 Thread 0x000001de5e4c48e0 nmethod 9412 0x000001de4b81df90 code [0x000001de4b81e140, 0x000001de4b81e278]
Event: 39.046 Thread 0x000001de5e4c48e0 9413       3       java.util.AbstractCollection::containsAll (38 bytes)
Event: 39.046 Thread 0x000001de5e4c48e0 nmethod 9413 0x000001de4b81e310 code [0x000001de4b81e500, 0x000001de4b81ea48]
Event: 41.397 Thread 0x000001de5e4c48e0 9415   !   3       sun.nio.ch.SelectorImpl::processDeregisterQueue (145 bytes)
Event: 41.398 Thread 0x000001de5e4c48e0 nmethod 9415 0x000001de4b81eb90 code [0x000001de4b81ee40, 0x000001de4b81fc40]
Event: 41.398 Thread 0x000001de5e4c48e0 9416       3       java.nio.channels.spi.AbstractSelector::isOpen (13 bytes)
Event: 41.398 Thread 0x000001de5e4c48e0 nmethod 9416 0x000001de4b820290 code [0x000001de4b820420, 0x000001de4b820588]
Event: 41.672 Thread 0x000001de5e4c48e0 9417       3       sun.nio.ch.SelectorImpl::ensureOpen (16 bytes)
Event: 41.673 Thread 0x000001de5e4c48e0 nmethod 9417 0x000001de4b820610 code [0x000001de4b8207e0, 0x000001de4b820ab0]
Event: 42.158 Thread 0x000001de5e4c0aa0 9418       4       org.springframework.boot.devtools.filewatch.FileSnapshot::hashCode (49 bytes)
Event: 42.175 Thread 0x000001de5e4c0aa0 nmethod 9418 0x000001de52a48990 code [0x000001de52a48bc0, 0x000001de52a498a8]
Event: 44.344 Thread 0x000001de5e4c48e0 9419       3       java.util.concurrent.locks.AbstractQueuedSynchronizer$Node::clearStatus (12 bytes)
Event: 44.344 Thread 0x000001de5e4c48e0 nmethod 9419 0x000001de4b820c10 code [0x000001de4b820dc0, 0x000001de4b820f20]
Event: 45.705 Thread 0x000001de5e4c48e0 9420       3       java.util.concurrent.ScheduledThreadPoolExecutor$DelayedWorkQueue::setIndex (16 bytes)

GC Heap History (20 events):
Event: 15.279 GC heap before
{Heap before GC invocations=23 (full 0):
 garbage-first heap   total 83968K, used 68762K [0x0000000084200000, 0x0000000100000000)
  region size 1024K, 24 young (24576K), 3 survivors (3072K)
 Metaspace       used 83695K, committed 84416K, reserved 1179648K
  class space    used 11127K, committed 11456K, reserved 1048576K
}
Event: 15.283 GC heap after
{Heap after GC invocations=24 (full 0):
 garbage-first heap   total 83968K, used 50275K [0x0000000084200000, 0x0000000100000000)
  region size 1024K, 3 young (3072K), 3 survivors (3072K)
 Metaspace       used 83695K, committed 84416K, reserved 1179648K
  class space    used 11127K, committed 11456K, reserved 1048576K
}
Event: 15.573 GC heap before
{Heap before GC invocations=24 (full 0):
 garbage-first heap   total 83968K, used 73827K [0x0000000084200000, 0x0000000100000000)
  region size 1024K, 26 young (26624K), 3 survivors (3072K)
 Metaspace       used 83717K, committed 84416K, reserved 1179648K
  class space    used 11127K, committed 11456K, reserved 1048576K
}
Event: 15.579 GC heap after
{Heap after GC invocations=25 (full 0):
 garbage-first heap   total 83968K, used 54368K [0x0000000084200000, 0x0000000100000000)
  region size 1024K, 4 young (4096K), 4 survivors (4096K)
 Metaspace       used 83717K, committed 84416K, reserved 1179648K
  class space    used 11127K, committed 11456K, reserved 1048576K
}
Event: 15.726 GC heap before
{Heap before GC invocations=25 (full 0):
 garbage-first heap   total 83968K, used 71776K [0x0000000084200000, 0x0000000100000000)
  region size 1024K, 22 young (22528K), 4 survivors (4096K)
 Metaspace       used 83719K, committed 84416K, reserved 1179648K
  class space    used 11127K, committed 11456K, reserved 1048576K
}
Event: 15.728 GC heap after
{Heap after GC invocations=26 (full 0):
 garbage-first heap   total 83968K, used 57664K [0x0000000084200000, 0x0000000100000000)
  region size 1024K, 3 young (3072K), 3 survivors (3072K)
 Metaspace       used 83719K, committed 84416K, reserved 1179648K
  class space    used 11127K, committed 11456K, reserved 1048576K
}
Event: 15.949 GC heap before
{Heap before GC invocations=27 (full 0):
 garbage-first heap   total 106496K, used 75072K [0x0000000084200000, 0x0000000100000000)
  region size 1024K, 18 young (18432K), 3 survivors (3072K)
 Metaspace       used 83728K, committed 84416K, reserved 1179648K
  class space    used 11127K, committed 11456K, reserved 1048576K
}
Event: 15.952 GC heap after
{Heap after GC invocations=28 (full 0):
 garbage-first heap   total 106496K, used 65166K [0x0000000084200000, 0x0000000100000000)
  region size 1024K, 3 young (3072K), 3 survivors (3072K)
 Metaspace       used 83728K, committed 84416K, reserved 1179648K
  class space    used 11127K, committed 11456K, reserved 1048576K
}
Event: 16.434 GC heap before
{Heap before GC invocations=28 (full 0):
 garbage-first heap   total 106496K, used 86670K [0x0000000084200000, 0x0000000100000000)
  region size 1024K, 25 young (25600K), 3 survivors (3072K)
 Metaspace       used 84857K, committed 85568K, reserved 1179648K
  class space    used 11247K, committed 11584K, reserved 1048576K
}
Event: 16.441 GC heap after
{Heap after GC invocations=29 (full 0):
 garbage-first heap   total 128000K, used 69344K [0x0000000084200000, 0x0000000100000000)
  region size 1024K, 4 young (4096K), 4 survivors (4096K)
 Metaspace       used 84857K, committed 85568K, reserved 1179648K
  class space    used 11247K, committed 11584K, reserved 1048576K
}
Event: 16.575 GC heap before
{Heap before GC invocations=29 (full 0):
 garbage-first heap   total 128000K, used 100064K [0x0000000084200000, 0x0000000100000000)
  region size 1024K, 35 young (35840K), 4 survivors (4096K)
 Metaspace       used 84888K, committed 85632K, reserved 1179648K
  class space    used 11247K, committed 11584K, reserved 1048576K
}
Event: 16.577 GC heap after
{Heap after GC invocations=30 (full 0):
 garbage-first heap   total 128000K, used 69598K [0x0000000084200000, 0x0000000100000000)
  region size 1024K, 1 young (1024K), 1 survivors (1024K)
 Metaspace       used 84888K, committed 85632K, reserved 1179648K
  class space    used 11247K, committed 11584K, reserved 1048576K
}
Event: 16.723 GC heap before
{Heap before GC invocations=30 (full 0):
 garbage-first heap   total 128000K, used 104414K [0x0000000084200000, 0x0000000100000000)
  region size 1024K, 35 young (35840K), 1 survivors (1024K)
 Metaspace       used 84901K, committed 85632K, reserved 1179648K
  class space    used 11247K, committed 11584K, reserved 1048576K
}
Event: 16.724 GC heap after
{Heap after GC invocations=31 (full 0):
 garbage-first heap   total 128000K, used 70257K [0x0000000084200000, 0x0000000100000000)
  region size 1024K, 2 young (2048K), 2 survivors (2048K)
 Metaspace       used 84901K, committed 85632K, reserved 1179648K
  class space    used 11247K, committed 11584K, reserved 1048576K
}
Event: 16.831 GC heap before
{Heap before GC invocations=31 (full 0):
 garbage-first heap   total 128000K, used 107121K [0x0000000084200000, 0x0000000100000000)
  region size 1024K, 38 young (38912K), 2 survivors (2048K)
 Metaspace       used 84906K, committed 85632K, reserved 1179648K
  class space    used 11247K, committed 11584K, reserved 1048576K
}
Event: 16.832 GC heap after
{Heap after GC invocations=32 (full 0):
 garbage-first heap   total 128000K, used 70685K [0x0000000084200000, 0x0000000100000000)
  region size 1024K, 2 young (2048K), 2 survivors (2048K)
 Metaspace       used 84906K, committed 85632K, reserved 1179648K
  class space    used 11247K, committed 11584K, reserved 1048576K
}
Event: 17.133 GC heap before
{Heap before GC invocations=33 (full 0):
 garbage-first heap   total 128000K, used 108573K [0x0000000084200000, 0x0000000100000000)
  region size 1024K, 40 young (40960K), 2 survivors (2048K)
 Metaspace       used 85216K, committed 86016K, reserved 1179648K
  class space    used 11301K, committed 11648K, reserved 1048576K
}
Event: 17.136 GC heap after
{Heap after GC invocations=34 (full 0):
 garbage-first heap   total 128000K, used 73646K [0x0000000084200000, 0x0000000100000000)
  region size 1024K, 5 young (5120K), 5 survivors (5120K)
 Metaspace       used 85216K, committed 86016K, reserved 1179648K
  class space    used 11301K, committed 11648K, reserved 1048576K
}
Event: 18.602 GC heap before
{Heap before GC invocations=34 (full 0):
 garbage-first heap   total 128000K, used 111534K [0x0000000084200000, 0x0000000100000000)
  region size 1024K, 42 young (43008K), 5 survivors (5120K)
 Metaspace       used 89921K, committed 90688K, reserved 1179648K
  class space    used 11998K, committed 12352K, reserved 1048576K
}
Event: 18.612 GC heap after
{Heap after GC invocations=35 (full 0):
 garbage-first heap   total 128000K, used 74904K [0x0000000084200000, 0x0000000100000000)
  region size 1024K, 4 young (4096K), 4 survivors (4096K)
 Metaspace       used 89921K, committed 90688K, reserved 1179648K
  class space    used 11998K, committed 12352K, reserved 1048576K
}

Dll operation events (14 events):
Event: 0.014 Loaded shared library C:\Program Files\Java\jdk-21.0.7\bin\java.dll
Event: 0.084 Loaded shared library C:\Program Files\Java\jdk-21.0.7\bin\jsvml.dll
Event: 0.217 Loaded shared library C:\Program Files\Java\jdk-21.0.7\bin\zip.dll
Event: 0.222 Loaded shared library C:\Program Files\Java\jdk-21.0.7\bin\instrument.dll
Event: 0.228 Loaded shared library C:\Program Files\Java\jdk-21.0.7\bin\net.dll
Event: 0.230 Loaded shared library C:\Program Files\Java\jdk-21.0.7\bin\nio.dll
Event: 0.233 Loaded shared library C:\Program Files\Java\jdk-21.0.7\bin\zip.dll
Event: 0.398 Loaded shared library C:\Users\mrdha\AppData\Local\JetBrains\IntelliJ IDEA Community Edition 2022.3.1\bin\breakgen64.dll
Event: 0.416 Loaded shared library C:\Program Files\Java\jdk-21.0.7\bin\extnet.dll
Event: 0.465 Loaded shared library C:\Program Files\Java\jdk-21.0.7\bin\jimage.dll
Event: 0.841 Loaded shared library C:\Program Files\Java\jdk-21.0.7\bin\management.dll
Event: 0.847 Loaded shared library C:\Program Files\Java\jdk-21.0.7\bin\management_ext.dll
Event: 3.029 Loaded shared library C:\Program Files\Java\jdk-21.0.7\bin\sunmscapi.dll
Event: 6.142 Loaded shared library C:\Program Files\Java\jdk-21.0.7\bin\verify.dll

Deoptimization events (20 events):
Event: 19.531 Thread 0x000001dea4898d00 Uncommon trap: trap_request=0xffffffde fr.pc=0x000001de529fb470 relative=0x0000000000001e70
Event: 19.531 Thread 0x000001dea4898d00 Uncommon trap: reason=class_check action=maybe_recompile pc=0x000001de529fb470 method=org.springframework.core.ResolvableType.isAssignableFrom(Lorg/springframework/core/ResolvableType;ZLjava/util/Map;Z)Z @ 74 c2
Event: 19.531 Thread 0x000001dea4898d00 DEOPT PACKING pc=0x000001de529fb470 sp=0x000000a8fc0fe950
Event: 19.531 Thread 0x000001dea4898d00 DEOPT UNPACKING pc=0x000001de51ea7da2 sp=0x000000a8fc0fe8f8 mode 2
Event: 19.532 Thread 0x000001dea4898d00 Uncommon trap: trap_request=0xffffffde fr.pc=0x000001de529a1b5c relative=0x0000000000005afc
Event: 19.532 Thread 0x000001dea4898d00 Uncommon trap: reason=class_check action=maybe_recompile pc=0x000001de529a1b5c method=org.springframework.core.ResolvableType.resolveType()Lorg/springframework/core/ResolvableType; @ 44 c2
Event: 19.532 Thread 0x000001dea4898d00 DEOPT PACKING pc=0x000001de529a1b5c sp=0x000000a8fc0fe6a0
Event: 19.532 Thread 0x000001dea4898d00 DEOPT UNPACKING pc=0x000001de51ea7da2 sp=0x000000a8fc0fe6d8 mode 2
Event: 19.532 Thread 0x000001dea4898d00 Uncommon trap: trap_request=0xffffffde fr.pc=0x000001de529a1b5c relative=0x0000000000005afc
Event: 19.532 Thread 0x000001dea4898d00 Uncommon trap: reason=class_check action=maybe_recompile pc=0x000001de529a1b5c method=org.springframework.core.ResolvableType.resolveType()Lorg/springframework/core/ResolvableType; @ 44 c2
Event: 19.532 Thread 0x000001dea4898d00 DEOPT PACKING pc=0x000001de529a1b5c sp=0x000000a8fc0fe750
Event: 19.532 Thread 0x000001dea4898d00 DEOPT UNPACKING pc=0x000001de51ea7da2 sp=0x000000a8fc0fe788 mode 2
Event: 19.532 Thread 0x000001dea4898d00 Uncommon trap: trap_request=0xffffffde fr.pc=0x000001de529a1b5c relative=0x0000000000005afc
Event: 19.532 Thread 0x000001dea4898d00 Uncommon trap: reason=class_check action=maybe_recompile pc=0x000001de529a1b5c method=org.springframework.core.ResolvableType.resolveType()Lorg/springframework/core/ResolvableType; @ 44 c2
Event: 19.532 Thread 0x000001dea4898d00 DEOPT PACKING pc=0x000001de529a1b5c sp=0x000000a8fc0fe750
Event: 19.532 Thread 0x000001dea4898d00 DEOPT UNPACKING pc=0x000001de51ea7da2 sp=0x000000a8fc0fe788 mode 2
Event: 19.532 Thread 0x000001dea4898d00 Uncommon trap: trap_request=0xffffffde fr.pc=0x000001de529a1b5c relative=0x0000000000005afc
Event: 19.532 Thread 0x000001dea4898d00 Uncommon trap: reason=class_check action=maybe_recompile pc=0x000001de529a1b5c method=org.springframework.core.ResolvableType.resolveType()Lorg/springframework/core/ResolvableType; @ 44 c2
Event: 19.532 Thread 0x000001dea4898d00 DEOPT PACKING pc=0x000001de529a1b5c sp=0x000000a8fc0fe710
Event: 19.532 Thread 0x000001dea4898d00 DEOPT UNPACKING pc=0x000001de51ea7da2 sp=0x000000a8fc0fe748 mode 2

Classes loaded (20 events):
Event: 19.549 Loading class java/beans/WeakIdentityMap$Entry
Event: 19.549 Loading class java/beans/WeakIdentityMap$Entry done
Event: 19.549 Loading class com/sun/beans/introspect/ClassInfo
Event: 19.550 Loading class com/sun/beans/introspect/ClassInfo done
Event: 19.550 Loading class com/sun/beans/introspect/ClassInfo$1
Event: 19.550 Loading class com/sun/beans/util/Cache
Event: 19.552 Loading class com/sun/beans/util/Cache done
Event: 19.552 Loading class com/sun/beans/introspect/ClassInfo$1 done
Event: 19.552 Loading class com/sun/beans/util/Cache$Kind
Event: 19.553 Loading class com/sun/beans/util/Cache$Kind done
Event: 19.553 Loading class com/sun/beans/util/Cache$Kind$1
Event: 19.554 Loading class com/sun/beans/util/Cache$Kind$1 done
Event: 19.554 Loading class com/sun/beans/util/Cache$Kind$2
Event: 19.554 Loading class com/sun/beans/util/Cache$Kind$2 done
Event: 19.554 Loading class com/sun/beans/util/Cache$Kind$3
Event: 19.554 Loading class com/sun/beans/util/Cache$Kind$3 done
Event: 19.554 Loading class com/sun/beans/util/Cache$CacheEntry
Event: 19.554 Loading class com/sun/beans/util/Cache$CacheEntry done
Event: 21.867 Loading class java/util/concurrent/ConcurrentLinkedDeque$CLDSpliterator
Event: 21.867 Loading class java/util/concurrent/ConcurrentLinkedDeque$CLDSpliterator done

Classes unloaded (1 events):
Event: 6.663 Thread 0x000001de5e49fae0 Unloading class 0x000001de600ac800 'java/lang/invoke/LambdaForm$MH+0x000001de600ac800'

Classes redefined (0 events):
No events

Internal exceptions (20 events):
Event: 17.206 Thread 0x000001dea4898d00 Exception <a 'java/lang/NoSuchMethodError'{0x000000008bde0128}: 'java.lang.Object java.lang.invoke.DirectMethodHandle$Holder.newInvokeSpecial(java.lang.Object, java.lang.Object, java.lang.Object, java.lang.Object, java.lang.Object, java.lang.Object, java.lang.Object, java.lang.Object)'> (0x000000008bde0128) 
thrown [s\open\src\hotspot\share\interpreter\linkResolver.cpp, line 773]
Event: 17.347 Thread 0x000001dea4898d00 Exception <a 'java/lang/NoSuchMethodError'{0x000000008b8cf450}: 'void java.lang.invoke.DirectMethodHandle$Holder.invokeVirtual(java.lang.Object, java.lang.Object, java.lang.Object, java.lang.Object)'> (0x000000008b8cf450) 
thrown [s\open\src\hotspot\share\interpreter\linkResolver.cpp, line 773]
Event: 17.803 Thread 0x000001dea4898d00 Exception <a 'java/lang/IncompatibleClassChangeError'{0x000000008abfbb80}: Found class java.lang.Object, but interface was expected> (0x000000008abfbb80) 
thrown [s\open\src\hotspot\share\interpreter\linkResolver.cpp, line 840]
Event: 17.850 Thread 0x000001dea4898d00 Exception <a 'java/lang/NoSuchMethodError'{0x000000008a94b108}: 'java.lang.Object java.lang.invoke.DirectMethodHandle$Holder.invokeVirtual(java.lang.Object, java.lang.Object, java.lang.Object, java.lang.Object, java.lang.Object, java.lang.Object, java.lang.Object, java.lang.Object, java.lang.Object)'> (0x000000008a94b108) 
thrown [s\open\src\hotspot\share\interpreter\linkResolver.cpp, line 773]
Event: 17.876 Thread 0x000001dea4898d00 Exception <a 'java/lang/NoSuchMethodError'{0x000000008a9d4308}: 'java.lang.Object java.lang.invoke.DirectMethodHandle$Holder.newInvokeSpecial(java.lang.Object, java.lang.Object, java.lang.Object, java.lang.Object, java.lang.Object, java.lang.Object, java.lang.Object, java.lang.Object, java.lang.Object)'> (0x000000008a9d4308) 
thrown [s\open\src\hotspot\share\interpreter\linkResolver.cpp, line 773]
Event: 17.892 Thread 0x000001dea4898d00 Exception <a 'java/lang/NoSuchMethodError'{0x000000008a813890}: 'int java.lang.invoke.DirectMethodHandle$Holder.invokeStatic(java.lang.Object, java.lang.Object, java.lang.Object, java.lang.Object, java.lang.Object)'> (0x000000008a813890) 
thrown [s\open\src\hotspot\share\interpreter\linkResolver.cpp, line 773]
Event: 18.493 Thread 0x000001dea4898d00 Exception <a 'java/lang/NoSuchMethodError'{0x0000000089c90698}: 'java.lang.Object java.lang.invoke.DirectMethodHandle$Holder.invokeInterface(java.lang.Object, java.lang.Object, java.lang.Object, java.lang.Object)'> (0x0000000089c90698) 
thrown [s\open\src\hotspot\share\interpreter\linkResolver.cpp, line 773]
Event: 18.678 Thread 0x000001dea4898d00 Implicit null exception at 0x000001de526e75bb to 0x000001de526e79d0
Event: 18.807 Thread 0x000001dea4898d00 Exception <a 'java/lang/NoSuchMethodError'{0x000000008b98c4b8}: 'java.lang.Object java.lang.invoke.DirectMethodHandle$Holder.invokeVirtual(java.lang.Object, java.lang.Object, java.lang.Object, java.lang.Object, java.lang.Object, java.lang.Object, java.lang.Object)'> (0x000000008b98c4b8) 
thrown [s\open\src\hotspot\share\interpreter\linkResolver.cpp, line 773]
Event: 18.831 Thread 0x000001dea4898d00 Exception <a 'java/lang/NoSuchMethodError'{0x000000008b8499e8}: 'java.lang.Object java.lang.invoke.DirectMethodHandle$Holder.invokeVirtual(java.lang.Object, java.lang.Object, java.lang.Object, java.lang.Object, java.lang.Object, java.lang.Object, java.lang.Object, java.lang.Object, java.lang.Object, java.lang.Object)'> (0x000000008b8499e8) 
thrown [s\open\src\hotspot\share\interpreter\linkResolver.cpp, line 773]
Event: 18.884 Thread 0x000001dea4898d00 Exception <a 'java/lang/IncompatibleClassChangeError'{0x000000008b62b068}: Found class java.lang.Object, but interface was expected> (0x000000008b62b068) 
thrown [s\open\src\hotspot\share\interpreter\linkResolver.cpp, line 840]
Event: 18.996 Thread 0x000001dea4898d00 Exception <a 'java/lang/NoSuchMethodError'{0x000000008b4d3980}: 'double java.lang.invoke.DirectMethodHandle$Holder.invokeStatic(java.lang.Object, java.lang.Object)'> (0x000000008b4d3980) 
thrown [s\open\src\hotspot\share\interpreter\linkResolver.cpp, line 773]
Event: 19.046 Thread 0x000001dea4898d00 Exception <a 'java/lang/NoSuchMethodError'{0x000000008b2799b8}: 'java.lang.Object java.lang.invoke.Invokers$Holder.invoke_MT(java.lang.Object, java.lang.Object, java.lang.Object, java.lang.Object, java.lang.Object, java.lang.Object, java.lang.Object, java.lang.Object, java.lang.Object, java.lang.Object, java.lang.Object)'> (0x000000008b2799b8) 
thrown [s\open\src\hotspot\share\interpreter\linkResolver.cpp, line 773]
Event: 19.086 Thread 0x000001dea4898d00 Implicit null exception at 0x000001de525f07c2 to 0x000001de525f0838
Event: 19.213 Thread 0x000001dea4898d00 Exception <a 'java/lang/IncompatibleClassChangeError'{0x000000008ad86940}: Found class java.lang.Object, but interface was expected> (0x000000008ad86940) 
thrown [s\open\src\hotspot\share\interpreter\linkResolver.cpp, line 840]
Event: 19.243 Thread 0x000001dea4898d00 Exception <a 'java/lang/NoSuchMethodError'{0x000000008acbc0b0}: 'void java.lang.invoke.DirectMethodHandle$Holder.invokeStatic(java.lang.Object, java.lang.Object, double)'> (0x000000008acbc0b0) 
thrown [s\open\src\hotspot\share\interpreter\linkResolver.cpp, line 773]
Event: 19.261 Thread 0x000001dea4898d00 Exception <a 'java/lang/NoSuchMethodError'{0x000000008ab17908}: 'double java.lang.invoke.DirectMethodHandle$Holder.invokeStatic(java.lang.Object, java.lang.Object, java.lang.Object)'> (0x000000008ab17908) 
thrown [s\open\src\hotspot\share\interpreter\linkResolver.cpp, line 773]
Event: 19.296 Thread 0x000001dea4898d00 Exception <a 'java/lang/IncompatibleClassChangeError'{0x000000008abff500}: Found class java.lang.Object, but interface was expected> (0x000000008abff500) 
thrown [s\open\src\hotspot\share\interpreter\linkResolver.cpp, line 840]
Event: 19.306 Thread 0x000001dea4898d00 Exception <a 'java/lang/NoSuchMethodError'{0x000000008aa29fa0}: 'java.lang.Object java.lang.invoke.DirectMethodHandle$Holder.newInvokeSpecial(java.lang.Object, java.lang.Object, int, java.lang.Object, java.lang.Object)'> (0x000000008aa29fa0) 
thrown [s\open\src\hotspot\share\interpreter\linkResolver.cpp, line 773]
Event: 19.376 Thread 0x000001dea4898d00 Exception <a 'java/lang/IncompatibleClassChangeError'{0x000000008a8bc830}: Found class java.lang.Object, but interface was expected> (0x000000008a8bc830) 
thrown [s\open\src\hotspot\share\interpreter\linkResolver.cpp, line 840]

ZGC Phase Switch (0 events):
No events

VM Operations (20 events):
Event: 19.147 Executing VM operation: HandshakeAllThreads (Deoptimize)
Event: 19.147 Executing VM operation: HandshakeAllThreads (Deoptimize) done
Event: 19.267 Executing VM operation: HandshakeAllThreads (Deoptimize)
Event: 19.267 Executing VM operation: HandshakeAllThreads (Deoptimize) done
Event: 19.303 Executing VM operation: HandshakeAllThreads (Deoptimize)
Event: 19.303 Executing VM operation: HandshakeAllThreads (Deoptimize) done
Event: 19.313 Executing VM operation: HandshakeAllThreads (Deoptimize)
Event: 19.314 Executing VM operation: HandshakeAllThreads (Deoptimize) done
Event: 20.226 Executing VM operation: ICBufferFull
Event: 20.227 Executing VM operation: ICBufferFull done
Event: 21.227 Executing VM operation: Cleanup
Event: 21.227 Executing VM operation: Cleanup done
Event: 22.240 Executing VM operation: Cleanup
Event: 22.240 Executing VM operation: Cleanup done
Event: 23.250 Executing VM operation: Cleanup
Event: 23.250 Executing VM operation: Cleanup done
Event: 40.403 Executing VM operation: Cleanup
Event: 40.403 Executing VM operation: Cleanup done
Event: 42.406 Executing VM operation: Cleanup
Event: 42.406 Executing VM operation: Cleanup done

Events (20 events):
Event: 16.941 Thread 0x000001de5e49fae0 flushing nmethod 0x000001de4b564b10
Event: 19.210 Thread 0x000001dea4a5e7e0 Thread added: 0x000001dea4a5e7e0
Event: 19.317 Thread 0x000001dea4a5f500 Thread added: 0x000001dea4a5f500
Event: 19.317 Thread 0x000001dea4a63010 Thread added: 0x000001dea4a63010
Event: 19.317 Thread 0x000001dea4a5dac0 Thread added: 0x000001dea4a5dac0
Event: 19.317 Thread 0x000001dea4a636a0 Thread added: 0x000001dea4a636a0
Event: 19.318 Thread 0x000001dea4a63d30 Thread added: 0x000001dea4a63d30
Event: 19.318 Thread 0x000001dea4a5fb90 Thread added: 0x000001dea4a5fb90
Event: 19.318 Thread 0x000001dea4a60220 Thread added: 0x000001dea4a60220
Event: 19.318 Thread 0x000001dea77a8e60 Thread added: 0x000001dea77a8e60
Event: 19.318 Thread 0x000001dea7335960 Thread added: 0x000001dea7335960
Event: 19.318 Thread 0x000001dea73345b0 Thread added: 0x000001dea73345b0
Event: 19.324 Thread 0x000001dea7331130 Thread added: 0x000001dea7331130
Event: 19.326 Thread 0x000001dea7333200 Thread added: 0x000001dea7333200
Event: 19.356 Thread 0x000001dea7333890 Thread added: 0x000001dea7333890
Event: 19.547 Thread 0x000001dea4898d00 Thread exited: 0x000001dea4898d00
Event: 19.555 Thread 0x000001dea4981e30 Thread exited: 0x000001dea4981e30
Event: 19.556 Thread 0x000001de4249e670 Thread exited: 0x000001de4249e670
Event: 19.556 Thread 0x000001dea7331e50 Thread added: 0x000001dea7331e50
Event: 20.227 Thread 0x000001de5e84d140 Thread exited: 0x000001de5e84d140


Dynamic libraries:
0x00007ff60cd70000 - 0x00007ff60cd80000 	C:\Program Files\Java\jdk-21.0.7\bin\java.exe
0x00007ff971ed0000 - 0x00007ff9720e7000 	C:\WINDOWS\SYSTEM32\ntdll.dll
0x00007ff971b60000 - 0x00007ff971c24000 	C:\WINDOWS\System32\KERNEL32.DLL
0x00007ff96f780000 - 0x00007ff96fb53000 	C:\WINDOWS\System32\KERNELBASE.dll
0x00007ff96f5a0000 - 0x00007ff96f6b1000 	C:\WINDOWS\System32\ucrtbase.dll
0x00007ff960ad0000 - 0x00007ff960ae9000 	C:\Program Files\Java\jdk-21.0.7\bin\jli.dll
0x00007ff96ffb0000 - 0x00007ff970061000 	C:\WINDOWS\System32\ADVAPI32.dll
0x00007ff971dd0000 - 0x00007ff971e77000 	C:\WINDOWS\System32\msvcrt.dll
0x00007ff971d20000 - 0x00007ff971dc7000 	C:\WINDOWS\System32\sechost.dll
0x00007ff96f4f0000 - 0x00007ff96f518000 	C:\WINDOWS\System32\bcrypt.dll
0x00007ff95a9f0000 - 0x00007ff95aa0b000 	C:\Program Files\Java\jdk-21.0.7\bin\VCRUNTIME140.dll
0x00007ff970670000 - 0x00007ff970784000 	C:\WINDOWS\System32\RPCRT4.dll
0x00007ff970410000 - 0x00007ff9705c1000 	C:\WINDOWS\System32\USER32.dll
0x00007ff956fb0000 - 0x00007ff95724b000 	C:\WINDOWS\WinSxS\amd64_microsoft.windows.common-controls_6595b64144ccf1df_6.0.22621.5262_none_2712bde373830908\COMCTL32.dll
0x00007ff971c30000 - 0x00007ff971c59000 	C:\WINDOWS\System32\GDI32.dll
0x00007ff96efc0000 - 0x00007ff96efe6000 	C:\WINDOWS\System32\win32u.dll
0x00007ff96f3c0000 - 0x00007ff96f4e2000 	C:\WINDOWS\System32\gdi32full.dll
0x00007ff96f320000 - 0x00007ff96f3ba000 	C:\WINDOWS\System32\msvcp_win.dll
0x00007ff9620c0000 - 0x00007ff9620ca000 	C:\WINDOWS\SYSTEM32\VERSION.dll
0x00007ff970940000 - 0x00007ff970971000 	C:\WINDOWS\System32\IMM32.DLL
0x00007ff96bc30000 - 0x00007ff96bc3c000 	C:\Program Files\Java\jdk-21.0.7\bin\vcruntime140_1.dll
0x00007ff95a6b0000 - 0x00007ff95a73e000 	C:\Program Files\Java\jdk-21.0.7\bin\msvcp140.dll
0x00007ff8c9320000 - 0x00007ff8ca03a000 	C:\Program Files\Java\jdk-21.0.7\bin\server\jvm.dll
0x00007ff9702e0000 - 0x00007ff970351000 	C:\WINDOWS\System32\WS2_32.dll
0x00007ff96ee90000 - 0x00007ff96eedd000 	C:\WINDOWS\SYSTEM32\POWRPROF.dll
0x00007ff964ed0000 - 0x00007ff964f04000 	C:\WINDOWS\SYSTEM32\WINMM.dll
0x00007ff96ee70000 - 0x00007ff96ee83000 	C:\WINDOWS\SYSTEM32\UMPDC.dll
0x00007ff96dfd0000 - 0x00007ff96dfe8000 	C:\WINDOWS\SYSTEM32\kernel.appcore.dll
0x00007ff96a1d0000 - 0x00007ff96a1da000 	C:\Program Files\Java\jdk-21.0.7\bin\jimage.dll
0x00007ff96c940000 - 0x00007ff96cb72000 	C:\WINDOWS\SYSTEM32\DBGHELP.DLL
0x00007ff96fc10000 - 0x00007ff96ffa3000 	C:\WINDOWS\System32\combase.dll
0x00007ff971a80000 - 0x00007ff971b57000 	C:\WINDOWS\System32\OLEAUT32.dll
0x00007ff952b40000 - 0x00007ff952b72000 	C:\WINDOWS\SYSTEM32\dbgcore.DLL
0x00007ff96f520000 - 0x00007ff96f59b000 	C:\WINDOWS\System32\bcryptPrimitives.dll
0x00007ff96bc50000 - 0x00007ff96bc5f000 	C:\Program Files\Java\jdk-21.0.7\bin\instrument.dll
0x00007ff95a9d0000 - 0x00007ff95a9ef000 	C:\Program Files\Java\jdk-21.0.7\bin\java.dll
0x00007ff970f00000 - 0x00007ff97179d000 	C:\WINDOWS\System32\SHELL32.dll
0x00007ff96f160000 - 0x00007ff96f29f000 	C:\WINDOWS\System32\wintypes.dll
0x00007ff96ceb0000 - 0x00007ff96d7cd000 	C:\WINDOWS\SYSTEM32\windows.storage.dll
0x00007ff970070000 - 0x00007ff97017b000 	C:\WINDOWS\System32\SHCORE.dll
0x00007ff971cb0000 - 0x00007ff971d16000 	C:\WINDOWS\System32\shlwapi.dll
0x00007ff96eef0000 - 0x00007ff96ef1b000 	C:\WINDOWS\SYSTEM32\profapi.dll
0x00007ff9487f0000 - 0x00007ff9488c7000 	C:\Program Files\Java\jdk-21.0.7\bin\jsvml.dll
0x00007ff95a770000 - 0x00007ff95a788000 	C:\Program Files\Java\jdk-21.0.7\bin\zip.dll
0x00007ff969ea0000 - 0x00007ff969eb0000 	C:\Program Files\Java\jdk-21.0.7\bin\net.dll
0x00007ff966f00000 - 0x00007ff96702c000 	C:\WINDOWS\SYSTEM32\WINHTTP.dll
0x00007ff96e440000 - 0x00007ff96e4aa000 	C:\WINDOWS\system32\mswsock.dll
0x00007ff95a620000 - 0x00007ff95a636000 	C:\Program Files\Java\jdk-21.0.7\bin\nio.dll
0x00007ff95a500000 - 0x00007ff95a51a000 	C:\Users\mrdha\AppData\Local\JetBrains\IntelliJ IDEA Community Edition 2022.3.1\bin\breakgen64.dll
0x00007ff95a9c0000 - 0x00007ff95a9c9000 	C:\Program Files\Java\jdk-21.0.7\bin\extnet.dll
0x00007ff969e90000 - 0x00007ff969e9a000 	C:\Program Files\Java\jdk-21.0.7\bin\management.dll
0x00007ff95aab0000 - 0x00007ff95aabb000 	C:\Program Files\Java\jdk-21.0.7\bin\management_ext.dll
0x00007ff9705e0000 - 0x00007ff9705e8000 	C:\WINDOWS\System32\PSAPI.DLL
0x00007ff969eb0000 - 0x00007ff969ebe000 	C:\Program Files\Java\jdk-21.0.7\bin\sunmscapi.dll
0x00007ff96eff0000 - 0x00007ff96f157000 	C:\WINDOWS\System32\CRYPT32.dll
0x00007ff96e890000 - 0x00007ff96e8bd000 	C:\WINDOWS\SYSTEM32\ncrypt.dll
0x00007ff96e850000 - 0x00007ff96e887000 	C:\WINDOWS\SYSTEM32\NTASN1.dll
0x00007ff95aaa0000 - 0x00007ff95aab0000 	C:\Program Files\Java\jdk-21.0.7\bin\verify.dll
0x00007ff96e6b0000 - 0x00007ff96e6cb000 	C:\WINDOWS\SYSTEM32\CRYPTSP.dll
0x00007ff96df20000 - 0x00007ff96df57000 	C:\WINDOWS\system32\rsaenh.dll
0x00007ff96e510000 - 0x00007ff96e538000 	C:\WINDOWS\SYSTEM32\USERENV.dll
0x00007ff96e6d0000 - 0x00007ff96e6dc000 	C:\WINDOWS\SYSTEM32\CRYPTBASE.dll
0x00007ff96da70000 - 0x00007ff96da9d000 	C:\WINDOWS\SYSTEM32\IPHLPAPI.DLL
0x00007ff970660000 - 0x00007ff970669000 	C:\WINDOWS\System32\NSI.dll
0x00007ff96daa0000 - 0x00007ff96db98000 	C:\WINDOWS\SYSTEM32\DNSAPI.dll
0x00007ff9630f0000 - 0x00007ff9630fa000 	C:\Windows\System32\rasadhlp.dll
0x00007ff963320000 - 0x00007ff9633a3000 	C:\WINDOWS\System32\fwpuclnt.dll
0x00007ff962e00000 - 0x00007ff962e08000 	C:\WINDOWS\system32\wshunix.dll

dbghelp: loaded successfully - version: 4.0.5 - missing functions: none
symbol engine: initialized successfully - sym options: 0x614 - pdb path: .;C:\Program Files\Java\jdk-21.0.7\bin;C:\WINDOWS\SYSTEM32;C:\WINDOWS\WinSxS\amd64_microsoft.windows.common-controls_6595b64144ccf1df_6.0.22621.5262_none_2712bde373830908;C:\Program Files\Java\jdk-21.0.7\bin\server;C:\Users\mrdha\AppData\Local\JetBrains\IntelliJ IDEA Community Edition 2022.3.1\bin

VM Arguments:
jvm_args: -javaagent:C:\Users\mrdha\AppData\Local\JetBrains\IntelliJ IDEA Community Edition 2022.3.1\lib\idea_rt.jar=57724:C:\Users\mrdha\AppData\Local\JetBrains\IntelliJ IDEA Community Edition 2022.3.1\bin -Dfile.encoding=UTF-8 -Dsun.stdout.encoding=UTF-8 -Dsun.stderr.encoding=UTF-8 
java_command: cl.lcd.LuceneDemoApplication
java_class_path (initial): D:\lucene_rj\lucene-demo\target\classes;C:\Users\mrdha\.m2\repository\org\springframework\boot\spring-boot-starter-web\3.5.0\spring-boot-starter-web-3.5.0.jar;C:\Users\mrdha\.m2\repository\org\springframework\boot\spring-boot-starter\3.5.0\spring-boot-starter-3.5.0.jar;C:\Users\mrdha\.m2\repository\org\springframework\boot\spring-boot-starter-logging\3.5.0\spring-boot-starter-logging-3.5.0.jar;C:\Users\mrdha\.m2\repository\org\apache\logging\log4j\log4j-to-slf4j\2.24.3\log4j-to-slf4j-2.24.3.jar;C:\Users\mrdha\.m2\repository\org\apache\logging\log4j\log4j-api\2.24.3\log4j-api-2.24.3.jar;C:\Users\mrdha\.m2\repository\org\slf4j\jul-to-slf4j\2.0.17\jul-to-slf4j-2.0.17.jar;C:\Users\mrdha\.m2\repository\jakarta\annotation\jakarta.annotation-api\2.1.1\jakarta.annotation-api-2.1.1.jar;C:\Users\mrdha\.m2\repository\org\yaml\snakeyaml\2.4\snakeyaml-2.4.jar;C:\Users\mrdha\.m2\repository\org\springframework\boot\spring-boot-starter-json\3.5.0\spring-boot-starter-json-3.5.0.jar;C:\Users\mrdha\.m2\repository\com\fasterxml\jackson\datatype\jackson-datatype-jdk8\2.19.0\jackson-datatype-jdk8-2.19.0.jar;C:\Users\mrdha\.m2\repository\com\fasterxml\jackson\datatype\jackson-datatype-jsr310\2.19.0\jackson-datatype-jsr310-2.19.0.jar;C:\Users\mrdha\.m2\repository\com\fasterxml\jackson\module\jackson-module-parameter-names\2.19.0\jackson-module-parameter-names-2.19.0.jar;C:\Users\mrdha\.m2\repository\org\springframework\boot\spring-boot-starter-tomcat\3.5.0\spring-boot-starter-tomcat-3.5.0.jar;C:\Users\mrdha\.m2\repository\org\apache\tomcat\embed\tomcat-embed-core\10.1.41\tomcat-embed-core-10.1.41.jar;C:\Users\mrdha\.m2\repository\org\apache\tomcat\embed\tomcat-embed-el\10.1.41\tomcat-embed-el-10.1.41.jar;C:\Users\mrdha\.m2\repository\org\apache\tomcat\embed\tomcat-embed-websocket\10.1.41\tomcat-embed-websocket-10.1.41.jar;C:\Users\mrdha\.m2\repository\org\springframework\spring-web\6.2.7\spring-web-6.2.7.jar;C:\Users\mrdha\.m2\repository\org\springframework\spring-beans\6.2.7\spring-beans-6.2.7.jar;C:\Users\mrdha\.m2\repository\org\springframework\spring-webmvc\6.2.7\spring-webmvc-6.2.7.jar;C:\Users\mrdha\.m2\repository\org\springframework\spring-context\6.2.7\spring-context-6.2.7.jar;C:\Users\mrdha\.m2\repository\org\springframework\spring-expression\6.2.7\spring-expression-6.2.7.jar;C:\Users\mrdha\.m2\repository\org\springframework\boot\spring-boot-devtools\3.5.0\spring-boot-devtools-3.5.0.jar;C:\Users\mrdha\.m2\repository\org\springframework\boot\spring-boot\3.5.0\spring-boot-3.5.0.jar;C:\Users\mrdha\.m2\repository\org\springframework\boot\spring-boot-autoconfigure\3.5.0\spring-boot-autoconfigure-3.5.0.jar;C:\Users\mrdha\.m2\repository\org\projectlombok\lombok\1.18.30\lombok-1.18.30.jar;C:\Users\mrdha\.m2\repository\org\slf4j\slf4j-api\2.0.17\slf4j-api-2.0.17.jar;C:\Users\mrdha\.m2\repository\jakarta\xml\bind\jakarta.xml.bind-api\4.0.2\jakarta.xml.bind-api-4.0.2.jar;C:\Users\mrdha\.m2\repository\net\bytebuddy\byte-buddy\1.17.5\byte-buddy-1.17.5.jar;C:\Users\mrdha\.m2\repository\org\springframework\spring-core\6.2.7\spring-core-6.2.7.jar;C:\Users\mrdha\.m2\repository\org\springframework\spring-jcl\6.2.7\spring-jcl-6.2.7.jar;C:\Users\mrdha\.m2\repository\org\apache\lucene\lucene-core\9.6.0\lucene-core-9.6.0.jar;C:\Users\mrdha\.m2\repository\org\apache\lucene\lucene-analysis-common\9.6.0\lucene-analysis-common-9.6.0.jar;C:\Users\mrdha\.m2\repository\org\apache\lucene\lucene-queryparser\9.6.0\lucene-queryparser-9.6.0.jar;C:\Users\mrdha\.m2\repository\org\apache\lucene\lucene-queries\9.6.0\lucene-queries-9.6.0.jar;C:\Users\mrdha\.m2\repository\org\apache\lucene\lucene-sandbox\9.6.0\lucene-sandbox-9.6.0.jar;C:\Users\mrdha\.m2\repository\com\opencsv\opencsv\5.11\opencsv-5.11.jar;C:\Users\mrdha\.m2\repository\org\apache\commons\commons-lang3\3.17.0\commons-lang3-3.17.0.jar;C:\Users\mrdha\.m2\repository\org\apache\commons\commons-text\1.13.0\commons-text-1.13.0.jar;C:\Users\mrdha\.m2\repository\commons-beanutils\commons-beanutils\1.10.0\commons-beanutils-1.10.0.jar;C:\Users\mrdha\.m2\repository\commons-logging\commons-logging\1.3.4\commons-logging-1.3.4.jar;C:\Users\mrdha\.m2\repository\commons-collections\commons-collections\3.2.2\commons-collections-3.2.2.jar;C:\Users\mrdha\.m2\repository\org\apache\commons\commons-collections4\4.4\commons-collections4-4.4.jar;C:\Users\mrdha\.m2\repository\org\springframework\boot\spring-boot-starter-mail\3.5.0\spring-boot-starter-mail-3.5.0.jar;C:\Users\mrdha\.m2\repository\org\springframework\spring-context-support\6.2.7\spring-context-support-6.2.7.jar;C:\Users\mrdha\.m2\repository\org\eclipse\angus\jakarta.mail\2.0.3\jakarta.mail-2.0.3.jar;C:\Users\mrdha\.m2\repository\org\eclipse\angus\angus-activation\2.0.2\angus-activation-2.0.2.jar;C:\Users\mrdha\.m2\repository\jakarta\mail\jakarta.mail-api\2.1.3\jakarta.mail-api-2.1.3.jar;C:\Users\mrdha\.m2\repository\jakarta\activation\jakarta.activation-api\2.1.3\jakarta.activation-api-2.1.3.jar;C:\Users\mrdha\.m2\repository\com\google\code\gson\gson\2.10.1\gson-2.10.1.jar;C:\Users\mrdha\.m2\repository\com\amadeus\amadeus-java\7.0.0\amadeus-java-7.0.0.jar;C:\Users\mrdha\.m2\repository\org\springdoc\springdoc-openapi-starter-webmvc-ui\2.8.8\springdoc-openapi-starter-webmvc-ui-2.8.8.jar;C:\Users\mrdha\.m2\repository\org\springdoc\springdoc-openapi-starter-webmvc-api\2.8.8\springdoc-openapi-starter-webmvc-api-2.8.8.jar;C:\Users\mrdha\.m2\repository\org\springdoc\springdoc-openapi-starter-common\2.8.8\springdoc-openapi-starter-common-2.8.8.jar;C:\Users\mrdha\.m2\repository\org\springframework\boot\spring-boot-starter-validation\3.5.0\spring-boot-starter-validation-3.5.0.jar;C:\Users\mrdha\.m2\repository\org\hibernate\validator\hibernate-validator\8.0.2.Final\hibernate-validator-8.0.2.Final.jar;C:\Users\mrdha\.m2\repository\io\swagger\core\v3\swagger-core-jakarta\2.2.30\swagger-core-jakarta-2.2.30.jar;C:\Users\mrdha\.m2\repository\io\swagger\core\v3\swagger-annotations-jakarta\2.2.30\swagger-annotations-jakarta-2.2.30.jar;C:\Users\mrdha\.m2\repository\io\swagger\core\v3\swagger-models-jakarta\2.2.30\swagger-models-jakarta-2.2.30.jar;C:\Users\mrdha\.m2\repository\jakarta\validation\jakarta.validation-api\3.0.2\jakarta.validation-api-3.0.2.jar;C:\Users\mrdha\.m2\repository\org\webjars\swagger-ui\5.21.0\swagger-ui-5.21.0.jar;C:\Users\mrdha\.m2\repository\org\webjars\webjars-locator-lite\1.1.0\webjars-locator-lite-1.1.0.jar;C:\Users\mrdha\.m2\repository\org\jspecify\jspecify\1.0.0\jspecify-1.0.0.jar;C:\Users\mrdha\.m2\repository\org\apache\httpcomponents\core5\httpcore5\5.3.4\httpcore5-5.3.4.jar;C:\Users\mrdha\.m2\repository\com\fasterxml\jackson\dataformat\jackson-dataformat-yaml\2.19.0\jackson-dataformat-yaml-2.19.0.jar;C:\Users\mrdha\.m2\repository\co\elastic\clients\elasticsearch-java\9.0.0\elasticsearch-java-9.0.0.jar;C:\Users\mrdha\.m2\repository\org\apache\httpcomponents\client5\httpclient5\5.4.4\httpclient5-5.4.4.jar;C:\Users\mrdha\.m2\repository\org\apache\httpcomponents\core5\httpcore5-h2\5.3.4\httpcore5-h2-5.3.4.jar;C:\Users\mrdha\.m2\repository\com\google\code\findbugs\jsr305\3.0.2\jsr305-3.0.2.jar;C:\Users\mrdha\.m2\repository\jakarta\json\jakarta.json-api\2.1.3\jakarta.json-api-2.1.3.jar;C:\Users\mrdha\.m2\repository\org\eclipse\parsson\parsson\1.1.7\parsson-1.1.7.jar;C:\Users\mrdha\.m2\repository\io\opentelemetry\opentelemetry-api\1.49.0\opentelemetry-api-1.49.0.jar;C:\Users\mrdha\.m2\repository\io\opentelemetry\opentelemetry-context\1.49.0\opentelemetry-context-1.49.0.jar;C:\Users\mrdha\.m2\repository\com\fasterxml\jackson\core\jackson-core\2.19.0\jackson-core-2.19.0.jar;C:\Users\mrdha\.m2\repository\org\springframework\boot\spring-boot-starter-security\3.5.0\spring-boot-starter-security-3.5.0.jar;C:\Users\mrdha\.m2\repository\org\springframework\spring-aop\6.2.7\spring-aop-6.2.7.jar;C:\Users\mrdha\.m2\repository\org\springframework\security\spring-security-config\6.5.0\spring-security-config-6.5.0.jar;C:\Users\mrdha\.m2\repository\org\springframework\security\spring-security-web\6.5.0\spring-security-web-6.5.0.jar;C:\Users\mrdha\.m2\repository\org\springframework\boot\spring-boot-starter-actuator\3.5.0\spring-boot-starter-actuator-3.5.0.jar;C:\Users\mrdha\.m2\repository\org\springframework\boot\spring-boot-actuator-autoconfigure\3.5.0\spring-boot-actuator-autoconfigure-3.5.0.jar;C:\Users\mrdha\.m2\repository\org\springframework\boot\spring-boot-actuator\3.5.0\spring-boot-actuator-3.5.0.jar;C:\Users\mrdha\.m2\repository\io\micrometer\micrometer-observation\1.15.0\micrometer-observation-1.15.0.jar;C:\Users\mrdha\.m2\repository\io\micrometer\micrometer-commons\1.15.0\micrometer-commons-1.15.0.jar;C:\Users\mrdha\.m2\repository\io\micrometer\micrometer-jakarta9\1.15.0\micrometer-jakarta9-1.15.0.jar;C:\Users\mrdha\.m2\repository\io\micrometer\micrometer-registry-prometheus\1.15.0\micrometer-registry-prometheus-1.15.0.jar;C:\Users\mrdha\.m2\repository\io\micrometer\micrometer-core\1.15.0\micrometer-core-1.15.0.jar;C:\Users\mrdha\.m2\repository\org\hdrhistogram\HdrHistogram\2.2.2\HdrHistogram-2.2.2.jar;C:\Users\mrdha\.m2\repository\org\latencyutils\LatencyUtils\2.0.3\LatencyUtils-2.0.3.jar;C:\Users\mrdha\.m2\repository\io\prometheus\prometheus-metrics-core\1.3.6\prometheus-metrics-core-1.3.6.jar;C:\Users\mrdha\.m2\repository\io\prometheus\prometheus-metrics-model\1.3.6\prometheus-metrics-model-1.3.6.jar;C:\Users\mrdha\.m2\repository\io\prometheus\prometheus-metrics-config\1.3.6\prometheus-metrics-config-1.3.6.jar;C:\Users\mrdha\.m2\repository\io\prometheus\prometheus-metrics-tracer-common\1.3.6\prometheus-metrics-tracer-common-1.3.6.jar;C:\Users\mrdha\.m2\repository\io\prometheus\prometheus-metrics-exposition-formats\1.3.6\prometheus-metrics-exposition-formats-1.3.6.jar;C:\Users\mrdha\.m2\repository\io\prometheus\prometheus-metrics-exposition-textformats\1.3.6\prometheus-metrics-exposition-textformats-1.3.6.jar;C:\Users\mrdha\.m2\repository\com\github\loki4j\loki-logback-appender\1.4.0\loki-logback-appender-1.4.0.jar;C:\Users\mrdha\.m2\repository\ch\qos\logback\logback-classic\1.5.18\logback-classic-1.5.18.jar;C:\Users\mrdha\.m2\repository\ch\qos\logback\logback-core\1.5.18\logback-core-1.5.18.jar;C:\Users\mrdha\.m2\repository\org\postgresql\postgresql\42.7.5\postgresql-42.7.5.jar;C:\Users\mrdha\.m2\repository\org\checkerframework\checker-qual\3.48.3\checker-qual-3.48.3.jar;C:\Users\mrdha\.m2\repository\org\springframework\boot\spring-boot-starter-data-jpa\3.5.0\spring-boot-starter-data-jpa-3.5.0.jar;C:\Users\mrdha\.m2\repository\org\springframework\boot\spring-boot-starter-jdbc\3.5.0\spring-boot-starter-jdbc-3.5.0.jar;C:\Users\mrdha\.m2\repository\com\zaxxer\HikariCP\6.3.0\HikariCP-6.3.0.jar;C:\Users\mrdha\.m2\repository\org\springframework\spring-jdbc\6.2.7\spring-jdbc-6.2.7.jar;C:\Users\mrdha\.m2\repository\org\hibernate\orm\hibernate-core\6.6.15.Final\hibernate-core-6.6.15.Final.jar;C:\Users\mrdha\.m2\repository\jakarta\persistence\jakarta.persistence-api\3.1.0\jakarta.persistence-api-3.1.0.jar;C:\Users\mrdha\.m2\repository\jakarta\transaction\jakarta.transaction-api\2.0.1\jakarta.transaction-api-2.0.1.jar;C:\Users\mrdha\.m2\repository\org\jboss\logging\jboss-logging\3.6.1.Final\jboss-logging-3.6.1.Final.jar;C:\Users\mrdha\.m2\repository\org\hibernate\common\hibernate-commons-annotations\7.0.3.Final\hibernate-commons-annotations-7.0.3.Final.jar;C:\Users\mrdha\.m2\repository\io\smallrye\jandex\3.2.0\jandex-3.2.0.jar;C:\Users\mrdha\.m2\repository\com\fasterxml\classmate\1.7.0\classmate-1.7.0.jar;C:\Users\mrdha\.m2\repository\org\glassfish\jaxb\jaxb-runtime\4.0.5\jaxb-runtime-4.0.5.jar;C:\Users\mrdha\.m2\repository\org\glassfish\jaxb\jaxb-core\4.0.5\jaxb-core-4.0.5.jar;C:\Users\mrdha\.m2\repository\org\glassfish\jaxb\txw2\4.0.5\txw2-4.0.5.jar;C:\Users\mrdha\.m2\repository\com\sun\istack\istack-commons-runtime\4.1.2\istack-commons-runtime-4.1.2.jar;C:\Users\mrdha\.m2\repository\jakarta\inject\jakarta.inject-api\2.0.1\jakarta.inject-api-2.0.1.jar;C:\Users\mrdha\.m2\repository\org\antlr\antlr4-runtime\4.13.0\antlr4-runtime-4.13.0.jar;C:\Users\mrdha\.m2\repository\org\springframework\data\spring-data-jpa\3.5.0\spring-data-jpa-3.5.0.jar;C:\Users\mrdha\.m2\repository\org\springframework\data\spring-data-commons\3.5.0\spring-data-commons-3.5.0.jar;C:\Users\mrdha\.m2\repository\org\springframework\spring-orm\6.2.7\spring-orm-6.2.7.jar;C:\Users\mrdha\.m2\repository\org\springframework\spring-tx\6.2.7\spring-tx-6.2.7.jar;C:\Users\mrdha\.m2\repository\org\springframework\spring-aspects\6.2.7\spring-aspects-6.2.7.jar;C:\Users\mrdha\.m2\repository\org\aspectj\aspectjweaver\1.9.24\aspectjweaver-1.9.24.jar;C:\Users\mrdha\.m2\repository\com\fasterxml\jackson\core\jackson-databind\2.19.0\jackson-databind-2.19.0.jar;C:\Users\mrdha\.m2\repository\com\fasterxml\jackson\core\jackson-annotations\2.19.0\jackson-annotations-2.19.0.jar;C:\Users\mrdha\.m2\repository\org\springframework\boot\spring-boot-starter-data-mongodb\3.5.0\spring-boot-starter-data-mongodb-3.5.0.jar;C:\Users\mrdha\.m2\repository\org\mongodb\mongodb-driver-sync\5.4.0\mongodb-driver-sync-5.4.0.jar;C:\Users\mrdha\.m2\repository\org\mongodb\bson\5.4.0\bson-5.4.0.jar;C:\Users\mrdha\.m2\repository\org\mongodb\mongodb-driver-core\5.4.0\mongodb-driver-core-5.4.0.jar;C:\Users\mrdha\.m2\repository\org\mongodb\bson-record-codec\5.4.0\bson-record-codec-5.4.0.jar;C:\Users\mrdha\.m2\repository\org\springframework\data\spring-data-mongodb\4.5.0\spring-data-mongodb-4.5.0.jar;C:\Users\mrdha\.m2\repository\org\springframework\boot\spring-boot-starter-oauth2-resource-server\3.5.0\spring-boot-starter-oauth2-resource-server-3.5.0.jar;C:\Users\mrdha\.m2\repository\org\springframework\security\spring-security-core\6.5.0\spring-security-core-6.5.0.jar;C:\Users\mrdha\.m2\repository\org\springframework\security\spring-security-crypto\6.5.0\spring-security-crypto-6.5.0.jar;C:\Users\mrdha\.m2\repository\org\springframework\security\spring-security-oauth2-resource-server\6.5.0\spring-security-oauth2-resource-server-6.5.0.jar;C:\Users\mrdha\.m2\repository\org\springframework\security\spring-security-oauth2-core\6.5.0\spring-security-oauth2-core-6.5.0.jar;C:\Users\mrdha\.m2\repository\org\springframework\security\spring-security-oauth2-jose\6.5.0\spring-security-oauth2-jose-6.5.0.jar;C:\Users\mrdha\.m2\repository\com\nimbusds\nimbus-jose-jwt\9.37.3\nimbus-jose-jwt-9.37.3.jar;C:\Users\mrdha\.m2\repository\com\github\stephenc\jcip\jcip-annotations\1.0-1\jcip-annotations-1.0-1.jar
Launcher Type: SUN_STANDARD

[Global flags]
     intx CICompilerCount                          = 3                                         {product} {ergonomic}
     uint ConcGCThreads                            = 1                                         {product} {ergonomic}
     uint G1ConcRefinementThreads                  = 4                                         {product} {ergonomic}
   size_t G1HeapRegionSize                         = 1048576                                   {product} {ergonomic}
    uintx GCDrainStackTargetSize                   = 64                                        {product} {ergonomic}
   size_t InitialHeapSize                          = 130023424                                 {product} {ergonomic}
   size_t MarkStackSize                            = 4194304                                   {product} {ergonomic}
   size_t MaxHeapSize                              = 2078277632                                {product} {ergonomic}
   size_t MaxNewSize                               = 1246756864                                {product} {ergonomic}
   size_t MinHeapDeltaBytes                        = 1048576                                   {product} {ergonomic}
   size_t MinHeapSize                              = 8388608                                   {product} {ergonomic}
    uintx NonNMethodCodeHeapSize                   = 5832780                                {pd product} {ergonomic}
    uintx NonProfiledCodeHeapSize                  = 122912730                              {pd product} {ergonomic}
    uintx ProfiledCodeHeapSize                     = 122912730                              {pd product} {ergonomic}
    uintx ReservedCodeCacheSize                    = 251658240                              {pd product} {ergonomic}
     bool SegmentedCodeCache                       = true                                      {product} {ergonomic}
   size_t SoftMaxHeapSize                          = 2078277632                             {manageable} {ergonomic}
     bool UseCompressedOops                        = true                           {product lp64_product} {ergonomic}
     bool UseG1GC                                  = true                                      {product} {ergonomic}
     bool UseLargePagesIndividualAllocation        = false                                  {pd product} {ergonomic}

Logging:
Log output configuration:
 #0: stdout all=warning uptime,level,tags foldmultilines=false
 #1: stderr all=off uptime,level,tags foldmultilines=false

Environment Variables:
JAVA_HOME=C:\Program Files\Java\jdk-21.0.7
CLASSPATH=.:;
PATH=C:\oracle\product\10.2.0\db_2\bin;C:\Program Files\Java\jdk-21.0.7\bin;C:\Program Files\Common Files\Oracle\Java\javapath;C:\Program Files (x86)\VMware\VMware Workstation\bin\;C:\WINDOWS\system32;C:\WINDOWS;C:\WINDOWS\System32\Wbem;C:\WINDOWS\System32\WindowsPowerShell\v1.0\;C:\WINDOWS\System32\OpenSSH\;C:\Program Files\dotnet\;C:\Program Files\Java\jdk-21\bin;C:\Program Files\Java\jdk-21.0.7\bin;C:\kafka_2.12-3.9.1\kafka_2.12-3.9.1\bin\windows;C:\kafka;C:\Program Files\nodejs\;C:\Program Files\Git\cmd;C:\Program Files\Docker\Docker\resources\bin;C:\Program Files\Java\jdk-21.0.7\bin;C:\Users\mrdha\AppData\Local\Programs\Microsoft VS Code\bin;C:\Users\mrdha\AppData\Local\Microsoft\WindowsApps;C:\Users\mrdha\AppData\Roaming\npm
USERNAME=mrdha
OS=Windows_NT
PROCESSOR_IDENTIFIER=Intel64 Family 6 Model 140 Stepping 1, GenuineIntel
TMP=C:\Users\mrdha\AppData\Local\Temp
TEMP=C:\Users\mrdha\AppData\Local\Temp




Periodic native trim disabled

---------------  S Y S T E M  ---------------

OS:
 Windows 11 , 64 bit Build 22621 (10.0.22621.5262)
OS uptime: 4 days 7:15 hours
Hyper-V role detected

CPU: total 4 (initial active 4) (2 cores per cpu, 2 threads per core) family 6 model 140 stepping 1 microcode 0xbc, cx8, cmov, fxsr, ht, mmx, 3dnowpref, sse, sse2, sse3, ssse3, sse4.1, sse4.2, popcnt, lzcnt, tsc, tscinvbit, avx, avx2, aes, erms, clmul, bmi1, bmi2, adx, avx512f, avx512dq, avx512cd, avx512bw, avx512vl, sha, fma, vzeroupper, avx512_vpopcntdq, avx512_vpclmulqdq, avx512_vaes, avx512_vnni, clflush, clflushopt, clwb, avx512_vbmi2, avx512_vbmi, hv, rdtscp, rdpid, fsrm, gfni, avx512_bitalg, f16c, cet_ibt, cet_ss, avx512_ifma
Processor Information for processor 0
  Max Mhz: 2995, Current Mhz: 2995, Mhz Limit: 2995
Processor Information for processor 1
  Max Mhz: 2995, Current Mhz: 2995, Mhz Limit: 2995
Processor Information for processor 2
  Max Mhz: 2995, Current Mhz: 2995, Mhz Limit: 2995
Processor Information for processor 3
  Max Mhz: 2995, Current Mhz: 1198, Mhz Limit: 2995

Memory: 4k page, system-wide physical 7926M (239M free)
TotalPageFile size 24129M (AvailPageFile size 0M)
current process WorkingSet (physical memory assigned to process): 351M, peak: 393M
current process commit charge ("private bytes"): 380M, peak: 423M

vm_info: Java HotSpot(TM) 64-Bit Server VM (21.0.7+8-LTS-245) for windows-amd64 JRE (21.0.7+8-LTS-245), built on 2025-02-21T05:11:27Z by "mach5one" with MS VC++ 17.6 (VS2022)

END.
